#
# A fatal error has been detected by the Java Runtime Environment:
#
#  SIGSEGV (0xb) at pc=0x0000000106e32d1e, pid=16827, tid=18691
#
# JRE version: Java(TM) SE Runtime Environment (8.0_45-b14) (build 1.8.0_45-b14)
# Java VM: Java HotSpot(TM) 64-Bit Server VM (25.45-b02 mixed mode bsd-amd64 compressed oops)
# Problematic frame:
# V  [libjvm.dylib+0x432d1e]  Method::checked_resolve_jmethod_id(_jmethodID*)+0x1c
#
# Failed to write core dump. Core dumps have been disabled. To enable core dumping, try "ulimit -c unlimited" before starting Java again
#
# If you would like to submit a bug report, please visit:
#   http://bugreport.java.com/bugreport/crash.jsp
#

---------------  T H R E A D  ---------------

Current thread (0x00007f9c21813800):  JavaThread "JDWP Transport Listener: dt_socket" daemon [_thread_in_vm, id=18691, stack(0x000000011f1ae000,0x000000011f2ae000)]

siginfo: si_signo: 11 (SIGSEGV), si_code: 0 (unknown), si_addr: 0x0000000000000000

Registers:
RAX=0x0000000000000001, RBX=0xf06000000007a189, RCX=0x00000001071fa190, RDX=0x000000011f2ada8b
RSP=0x000000011f2ad9d0, RBP=0x000000011f2ad9e0, RSI=0x00007f9c21813800, RDI=0x00007f9c20fe0002
R8 =0x0000000000000000, R9 =0x00007f9c20f00000, R10=0x0000000000000010, R11=0x00007f9c20f00000
R12=0x00007f9c21813800, R13=0x00007f9c20fe0002, R14=0x00007f9c20fe0002, R15=0x00007f9c20c00e70
RIP=0x0000000106e32d1e, EFLAGS=0x0000000000010282, ERR=0x0000000000000000
  TRAPNO=0x000000000000000d

Top of Stack: (sp=0x000000011f2ad9d0)
0x000000011f2ad9d0:   000000011f2ada8b 000000011f2ada8b
0x000000011f2ad9e0:   000000011f2ada40 0000000106d430d6
0x000000011f2ad9f0:   00007f9c21813800 0000000000000000
0x000000011f2ada00:   0000000000000000 0000000000000000
0x000000011f2ada10:   00007f9c21813800 00007f9c21813800
0x000000011f2ada20:   000000011f2ada8b 000000011f2ada90
0x000000011f2ada30:   00007f9c20fe0002 0000000000000002
0x000000011f2ada40:   000000011f2ada60 0000000105987780
0x000000011f2ada50:   0000000000000001 000000011f2adb08
0x000000011f2ada60:   000000011f2adad0 000000010596c1f3
0x000000011f2ada70:   000000011f2adaa0 00007f9c20fca2b0
0x000000011f2ada80:   0000000300000032 00000001002adb08
0x000000011f2ada90:   0000000000000000 0000000000000000
0x000000011f2adaa0:   0000000000000000 000000011f2adc90
0x000000011f2adab0:   000000010598ee7a 00007f9c20e28490
0x000000011f2adac0:   000000011f2adb08 000000010599a598
0x000000011f2adad0:   000000011f2adae0 000000010596c2ec
0x000000011f2adae0:   000000011f2add00 0000000105975898
0x000000011f2adaf0:   0000bec600000013 00000000000f0200
0x000000011f2adb00:   00007f9c2341cb10 000000011f2adbbe
0x000000011f2adb10:   00007f9c000000c6 000000011f2adb20
0x000000011f2adb20:   00007f9c00000066 000000011f2adb58
0x000000011f2adb30:   0000000000000000 00007f0000000000
0x000000011f2adb40:   0000bec60000000f 00007fff0000df80
0x000000011f2adb50:   000000011f2adb58 9c7f000003000000
0x000000011f2adb60:   0e00000060722523 70246164626d616c
0x000000011f2adb70:   0000302465737261 2f67726f4c281c00
0x000000011f2adb80:   6f6e2f70756f736a 6d656c452f736564
0x000000011f2adb90:   000056293b746e65 00000a1000f00000
0x000000011f2adba0:   0000382500239c7f 0065737261700500
0x000000011f2adbb0:   0000562928030000 0000010000000000
0x000000011f2adbc0:   f513239c7f000001 6e693c0600000068 

Instructions: (pc=0x0000000106e32d1e)
0x0000000106e32cfe:   31 c0 5d c3 55 48 89 e5 53 48 83 ec 08 48 85 ff
0x0000000106e32d0e:   74 24 48 8b 1f 48 85 db 74 1c 48 83 fb 37 74 16
0x0000000106e32d1e:   48 8b 03 48 89 df ff 50 10 84 c0 b8 00 00 00 00
0x0000000106e32d2e:   48 0f 45 c3 eb 02 31 c0 48 83 c4 08 5b 5d c3 90 

Register to memory mapping:

RAX=0x0000000000000001 is an unknown value
RBX=0xf06000000007a189 is an unknown value
RCX=0x00000001071fa190: UseMembar+0 in /Library/Java/JavaVirtualMachines/jdk1.8.0_45.jdk/Contents/Home/jre/lib/server/libjvm.dylib at 0x0000000106a00000
RDX=0x000000011f2ada8b is pointing into the stack for thread: 0x00007f9c21813800
RSP=0x000000011f2ad9d0 is pointing into the stack for thread: 0x00007f9c21813800
RBP=0x000000011f2ad9e0 is pointing into the stack for thread: 0x00007f9c21813800
RSI=0x00007f9c21813800 is a thread
RDI=0x00007f9c20fe0002 is an unknown value
R8 =0x0000000000000000 is an unknown value
R9 =0x00007f9c20f00000 is an unknown value
R10=0x0000000000000010 is an unknown value
R11=0x00007f9c20f00000 is an unknown value
R12=0x00007f9c21813800 is a thread
R13=0x00007f9c20fe0002 is an unknown value
R14=0x00007f9c20fe0002 is an unknown value
R15=0x00007f9c20c00e70 is an unknown value


Stack: [0x000000011f1ae000,0x000000011f2ae000],  sp=0x000000011f2ad9d0,  free space=1022k
Native frames: (J=compiled Java code, j=interpreted, Vv=VM code, C=native code)
V  [libjvm.dylib+0x432d1e]  Method::checked_resolve_jmethod_id(_jmethodID*)+0x1c
V  [libjvm.dylib+0x3430d6]  jvmti_IsMethodSynthetic+0xb2
C  [libjdwp.dylib+0x20780]  isMethodSynthetic+0x63
C  [libjdwp.dylib+0x51f3]  methods1+0x10b
C  [libjdwp.dylib+0x52ec]  methodsWithGeneric+0xe
C  [libjdwp.dylib+0xe898]  debugLoop_run+0x1ce
C  [libjdwp.dylib+0x1f6ba]  attachThread+0x4d
V  [libjvm.dylib+0x38401c]  JvmtiAgentThread::call_start_function()+0x38
V  [libjvm.dylib+0x549acf]  JavaThread::thread_main_inner()+0x9b
V  [libjvm.dylib+0x54b1c0]  JavaThread::run()+0x1c2
V  [libjvm.dylib+0x46ea7e]  java_start(Thread*)+0xf6
C  [libsystem_pthread.dylib+0x3268]  _pthread_body+0x83
C  [libsystem_pthread.dylib+0x31e5]  _pthread_body+0x0
C  [libsystem_pthread.dylib+0x141d]  thread_start+0xd
C  0x0000000000000000


---------------  P R O C E S S  ---------------

Java Threads: ( => current thread )
  0x00007f9c2284e800 JavaThread "Service Thread" daemon [_thread_blocked, id=22275, stack(0x000000011f8c3000,0x000000011f9c3000)]
  0x00007f9c21019800 JavaThread "C1 CompilerThread3" daemon [_thread_blocked, id=21763, stack(0x000000011f7c0000,0x000000011f8c0000)]
  0x00007f9c24804800 JavaThread "C2 CompilerThread2" daemon [_thread_blocked, id=21251, stack(0x000000011f6bd000,0x000000011f7bd000)]
  0x00007f9c21018800 JavaThread "C2 CompilerThread1" daemon [_thread_blocked, id=20739, stack(0x000000011f5ba000,0x000000011f6ba000)]
  0x00007f9c21015000 JavaThread "C2 CompilerThread0" daemon [_thread_blocked, id=20227, stack(0x000000011f4b7000,0x000000011f5b7000)]
  0x00007f9c21014000 JavaThread "JDWP Command Reader" daemon [_thread_in_native, id=19715, stack(0x000000011f3b4000,0x000000011f4b4000)]
  0x00007f9c21814000 JavaThread "JDWP Event Helper Thread" daemon [_thread_blocked, id=19203, stack(0x000000011f2b1000,0x000000011f3b1000)]
=>0x00007f9c21813800 JavaThread "JDWP Transport Listener: dt_socket" daemon [_thread_in_vm, id=18691, stack(0x000000011f1ae000,0x000000011f2ae000)]
  0x00007f9c2180d800 JavaThread "Signal Dispatcher" daemon [_thread_blocked, id=15383, stack(0x000000011f0a4000,0x000000011f1a4000)]
  0x00007f9c2283a800 JavaThread "Finalizer" daemon [_thread_blocked, id=13571, stack(0x000000011d697000,0x000000011d797000)]
  0x00007f9c2180d000 JavaThread "Reference Handler" daemon [_thread_blocked, id=13059, stack(0x000000011d594000,0x000000011d694000)]
  0x00007f9c22806000 JavaThread "main" [_thread_blocked, id=4867, stack(0x0000000105821000,0x0000000105921000)]

Other Threads:
  0x00007f9c2283a000 VMThread [stack: 0x000000011d491000,0x000000011d591000] [id=12547]
  0x00007f9c21812800 WatcherThread [stack: 0x000000011f9c6000,0x000000011fac6000] [id=22787]

VM state:not at safepoint (normal execution)

VM Mutex/Monitor currently owned by a thread: None

Heap:
 PSYoungGen      total 107008K, used 84896K [0x00000007a0000000, 0x00000007a7200000, 0x00000007c0000000)
  eden space 98304K, 86% used [0x00000007a0000000,0x00000007a52e8170,0x00000007a6000000)
  from space 8704K, 0% used [0x00000007a6980000,0x00000007a6980000,0x00000007a7200000)
  to   space 9216K, 0% used [0x00000007a6000000,0x00000007a6000000,0x00000007a6900000)
 ParOldGen       total 50176K, used 8333K [0x0000000760000000, 0x0000000763100000, 0x00000007a0000000)
  object space 50176K, 16% used [0x0000000760000000,0x0000000760823590,0x0000000763100000)
 Metaspace       used 27982K, capacity 28428K, committed 28672K, reserved 1073152K
  class space    used 4871K, capacity 5005K, committed 5120K, reserved 1048576K

Card table byte_map: [0x0000000116d29000,0x000000011702a000] byte_map_base: 0x0000000113229000

Marking Bits: (ParMarkBitMap*) 0x00000001072c27a0
 Begin Bits: [0x0000000117a42000, 0x0000000119242000)
 End Bits:   [0x0000000119242000, 0x000000011aa42000)

Polling page: 0x0000000105966000

CodeCache: size=245760Kb used=11839Kb max_used=11890Kb free=233920Kb
 bounds [0x0000000107969000, 0x0000000108519000, 0x0000000116969000]
 total_blobs=3451 nmethods=2921 adapters=450
 compilation: enabled

Compilation events (10 events):
Event: 14.925 Thread 0x00007f9c21019800 2945       1       org.jsoup.nodes.Document$OutputSettings::prettyPrint (5 bytes)
Event: 14.926 Thread 0x00007f9c21019800 nmethod 2945 0x00000001084a6850 code [0x00000001084a69a0, 0x00000001084a6ab0]
Event: 14.926 Thread 0x00007f9c21019800 2946       1       org.jsoup.parser.Tag::formatAsBlock (5 bytes)
Event: 14.926 Thread 0x00007f9c21019800 nmethod 2946 0x0000000107a6b210 code [0x0000000107a6b360, 0x0000000107a6b470]
Event: 17.746 Thread 0x00007f9c21019800 2947       1       org.jsoup.nodes.Document$OutputSettings::outline (5 bytes)
Event: 17.747 Thread 0x00007f9c21019800 nmethod 2947 0x0000000107a9d990 code [0x0000000107a9dae0, 0x0000000107a9dbf0]
Event: 17.757 Thread 0x00007f9c21019800 2948       1       org.jsoup.nodes.Node::parent (5 bytes)
Event: 17.759 Thread 0x00007f9c21019800 nmethod 2948 0x0000000107aa0090 code [0x0000000107aa01e0, 0x0000000107aa02f0]
Event: 17.763 Thread 0x00007f9c21019800 2949       1       org.jsoup.parser.Tag::preserveWhitespace (5 bytes)
Event: 17.764 Thread 0x00007f9c21019800 nmethod 2949 0x0000000107a882d0 code [0x0000000107a88420, 0x0000000107a88530]

GC Heap History (10 events):
Event: 1.760 GC heap before
{Heap before GC invocations=3 (full 0):
 PSYoungGen      total 28672K, used 28651K [0x00000007a0000000, 0x00000007a2000000, 0x00000007c0000000)
  eden space 24576K, 100% used [0x00000007a0000000,0x00000007a1800000,0x00000007a1800000)
  from space 4096K, 99% used [0x00000007a1c00000,0x00000007a1ffaf68,0x00000007a2000000)
  to   space 4096K, 0% used [0x00000007a1800000,0x00000007a1800000,0x00000007a1c00000)
 ParOldGen       total 65536K, used 357K [0x0000000760000000, 0x0000000764000000, 0x00000007a0000000)
  object space 65536K, 0% used [0x0000000760000000,0x0000000760059418,0x0000000764000000)
 Metaspace       used 13354K, capacity 13420K, committed 13696K, reserved 1060864K
  class space    used 2629K, capacity 2640K, committed 2688K, reserved 1048576K
Event: 1.766 GC heap after
Heap after GC invocations=3 (full 0):
 PSYoungGen      total 28672K, used 4084K [0x00000007a0000000, 0x00000007a3800000, 0x00000007c0000000)
  eden space 24576K, 0% used [0x00000007a0000000,0x00000007a0000000,0x00000007a1800000)
  from space 4096K, 99% used [0x00000007a1800000,0x00000007a1bfd368,0x00000007a1c00000)
  to   space 4096K, 0% used [0x00000007a3400000,0x00000007a3400000,0x00000007a3800000)
 ParOldGen       total 65536K, used 1451K [0x0000000760000000, 0x0000000764000000, 0x00000007a0000000)
  object space 65536K, 2% used [0x0000000760000000,0x000000076016afa0,0x0000000764000000)
 Metaspace       used 13354K, capacity 13420K, committed 13696K, reserved 1060864K
  class space    used 2629K, capacity 2640K, committed 2688K, reserved 1048576K
}
Event: 2.323 GC heap before
{Heap before GC invocations=4 (full 0):
 PSYoungGen      total 28672K, used 28660K [0x00000007a0000000, 0x00000007a3800000, 0x00000007c0000000)
  eden space 24576K, 100% used [0x00000007a0000000,0x00000007a1800000,0x00000007a1800000)
  from space 4096K, 99% used [0x00000007a1800000,0x00000007a1bfd368,0x00000007a1c00000)
  to   space 4096K, 0% used [0x00000007a3400000,0x00000007a3400000,0x00000007a3800000)
 ParOldGen       total 65536K, used 1451K [0x0000000760000000, 0x0000000764000000, 0x00000007a0000000)
  object space 65536K, 2% used [0x0000000760000000,0x000000076016afa0,0x0000000764000000)
 Metaspace       used 16624K, capacity 16658K, committed 16768K, reserved 1062912K
  class space    used 3429K, capacity 3441K, committed 3456K, reserved 1048576K
Event: 2.332 GC heap after
Heap after GC invocations=4 (full 0):
 PSYoungGen      total 53248K, used 4069K [0x00000007a0000000, 0x00000007a3800000, 0x00000007c0000000)
  eden space 49152K, 0% used [0x00000007a0000000,0x00000007a0000000,0x00000007a3000000)
  from space 4096K, 99% used [0x00000007a3400000,0x00000007a37f9490,0x00000007a3800000)
  to   space 4096K, 0% used [0x00000007a3000000,0x00000007a3000000,0x00000007a3400000)
 ParOldGen       total 65536K, used 3879K [0x0000000760000000, 0x0000000764000000, 0x00000007a0000000)
  object space 65536K, 5% used [0x0000000760000000,0x00000007603c9f18,0x0000000764000000)
 Metaspace       used 16624K, capacity 16658K, committed 16768K, reserved 1062912K
  class space    used 3429K, capacity 3441K, committed 3456K, reserved 1048576K
}
Event: 3.367 GC heap before
{Heap before GC invocations=5 (full 0):
 PSYoungGen      total 53248K, used 53221K [0x00000007a0000000, 0x00000007a3800000, 0x00000007c0000000)
  eden space 49152K, 100% used [0x00000007a0000000,0x00000007a3000000,0x00000007a3000000)
  from space 4096K, 99% used [0x00000007a3400000,0x00000007a37f9490,0x00000007a3800000)
  to   space 4096K, 0% used [0x00000007a3000000,0x00000007a3000000,0x00000007a3400000)
 ParOldGen       total 65536K, used 3879K [0x0000000760000000, 0x0000000764000000, 0x00000007a0000000)
  object space 65536K, 5% used [0x0000000760000000,0x00000007603c9f18,0x0000000764000000)
 Metaspace       used 20197K, capacity 20344K, committed 20736K, reserved 1067008K
  class space    used 3945K, capacity 3986K, committed 4096K, reserved 1048576K
Event: 3.415 GC heap after
Heap after GC invocations=5 (full 0):
 PSYoungGen      total 53248K, used 4085K [0x00000007a0000000, 0x00000007a7300000, 0x00000007c0000000)
  eden space 49152K, 0% used [0x00000007a0000000,0x00000007a0000000,0x00000007a3000000)
  from space 4096K, 99% used [0x00000007a3000000,0x00000007a33fd480,0x00000007a3400000)
  to   space 9728K, 0% used [0x00000007a6980000,0x00000007a6980000,0x00000007a7300000)
 ParOldGen       total 65536K, used 9280K [0x0000000760000000, 0x0000000764000000, 0x00000007a0000000)
  object space 65536K, 14% used [0x0000000760000000,0x0000000760910118,0x0000000764000000)
 Metaspace       used 20197K, capacity 20344K, committed 20736K, reserved 1067008K
  class space    used 3945K, capacity 3986K, committed 4096K, reserved 1048576K
}
Event: 3.655 GC heap before
{Heap before GC invocations=6 (full 0):
 PSYoungGen      total 53248K, used 13893K [0x00000007a0000000, 0x00000007a7300000, 0x00000007c0000000)
  eden space 49152K, 19% used [0x00000007a0000000,0x00000007a0993f98,0x00000007a3000000)
  from space 4096K, 99% used [0x00000007a3000000,0x00000007a33fd480,0x00000007a3400000)
  to   space 9728K, 0% used [0x00000007a6980000,0x00000007a6980000,0x00000007a7300000)
 ParOldGen       total 65536K, used 9280K [0x0000000760000000, 0x0000000764000000, 0x00000007a0000000)
  object space 65536K, 14% used [0x0000000760000000,0x0000000760910118,0x0000000764000000)
 Metaspace       used 20988K, capacity 21080K, committed 21296K, reserved 1067008K
  class space    used 4117K, capacity 4146K, committed 4224K, reserved 1048576K
Event: 3.664 GC heap after
Heap after GC invocations=6 (full 0):
 PSYoungGen      total 107008K, used 5669K [0x00000007a0000000, 0x00000007a7200000, 0x00000007c0000000)
  eden space 98304K, 0% used [0x00000007a0000000,0x00000007a0000000,0x00000007a6000000)
  from space 8704K, 65% used [0x00000007a6980000,0x00000007a6f097d0,0x00000007a7200000)
  to   space 9216K, 0% used [0x00000007a6000000,0x00000007a6000000,0x00000007a6900000)
 ParOldGen       total 65536K, used 9288K [0x0000000760000000, 0x0000000764000000, 0x00000007a0000000)
  object space 65536K, 14% used [0x0000000760000000,0x0000000760912118,0x0000000764000000)
 Metaspace       used 20988K, capacity 21080K, committed 21296K, reserved 1067008K
  class space    used 4117K, capacity 4146K, committed 4224K, reserved 1048576K
}
Event: 3.664 GC heap before
{Heap before GC invocations=7 (full 1):
 PSYoungGen      total 107008K, used 5669K [0x00000007a0000000, 0x00000007a7200000, 0x00000007c0000000)
  eden space 98304K, 0% used [0x00000007a0000000,0x00000007a0000000,0x00000007a6000000)
  from space 8704K, 65% used [0x00000007a6980000,0x00000007a6f097d0,0x00000007a7200000)
  to   space 9216K, 0% used [0x00000007a6000000,0x00000007a6000000,0x00000007a6900000)
 ParOldGen       total 65536K, used 9288K [0x0000000760000000, 0x0000000764000000, 0x00000007a0000000)
  object space 65536K, 14% used [0x0000000760000000,0x0000000760912118,0x0000000764000000)
 Metaspace       used 20988K, capacity 21080K, committed 21296K, reserved 1067008K
  class space    used 4117K, capacity 4146K, committed 4224K, reserved 1048576K
Event: 3.740 GC heap after
Heap after GC invocations=7 (full 1):
 PSYoungGen      total 107008K, used 0K [0x00000007a0000000, 0x00000007a7200000, 0x00000007c0000000)
  eden space 98304K, 0% used [0x00000007a0000000,0x00000007a0000000,0x00000007a6000000)
  from space 8704K, 0% used [0x00000007a6980000,0x00000007a6980000,0x00000007a7200000)
  to   space 9216K, 0% used [0x00000007a6000000,0x00000007a6000000,0x00000007a6900000)
 ParOldGen       total 50176K, used 8333K [0x0000000760000000, 0x0000000763100000, 0x00000007a0000000)
  object space 50176K, 16% used [0x0000000760000000,0x0000000760823590,0x0000000763100000)
 Metaspace       used 20988K, capacity 21080K, committed 21296K, reserved 1067008K
  class space    used 4117K, capacity 4146K, committed 4224K, reserved 1048576K
}

Deoptimization events (10 events):
Event: 5.330 Thread 0x00007f9c22806000 Uncommon trap: reason=class_check action=maybe_recompile pc=0x0000000107c39958 method=java.util.concurrent.ConcurrentHashMap.putVal(Ljava/lang/Object;Ljava/lang/Object;Z)Ljava/lang/Object; @ 192
Event: 5.367 Thread 0x00007f9c22806000 Uncommon trap: reason=unstable_if action=reinterpret pc=0x000000010841a7d0 method=org.jcodings.specific.BaseUTF8Encoding.mbcToCode([BII)I @ 24
Event: 5.422 Thread 0x00007f9c22806000 Uncommon trap: reason=bimorphic action=maybe_recompile pc=0x000000010812303c method=org.jruby.compiler.ASTInspector.inspect(Lorg/jruby/ast/Node;)V @ 2323
Event: 5.446 Thread 0x00007f9c22806000 Uncommon trap: reason=unstable_if action=reinterpret pc=0x00000001083849b0 method=org.jruby.lexer.yacc.RubyYaccLexer.yylex()I @ 952
Event: 5.454 Thread 0x00007f9c22806000 Uncommon trap: reason=bimorphic action=maybe_recompile pc=0x000000010812303c method=org.jruby.compiler.ASTInspector.inspect(Lorg/jruby/ast/Node;)V @ 2323
Event: 5.482 Thread 0x00007f9c22806000 Uncommon trap: reason=bimorphic action=maybe_recompile pc=0x000000010812303c method=org.jruby.compiler.ASTInspector.inspect(Lorg/jruby/ast/Node;)V @ 2323
Event: 5.768 Thread 0x00007f9c22806000 Uncommon trap: reason=bimorphic action=maybe_recompile pc=0x000000010837c684 method=java.util.regex.Pattern$CharProperty.match(Ljava/util/regex/Matcher;ILjava/lang/CharSequence;)Z @ 37
Event: 5.768 Thread 0x00007f9c22806000 Uncommon trap: reason=bimorphic action=maybe_recompile pc=0x000000010837c684 method=java.util.regex.Pattern$CharProperty.match(Ljava/util/regex/Matcher;ILjava/lang/CharSequence;)Z @ 37
Event: 5.768 Thread 0x00007f9c22806000 Uncommon trap: reason=bimorphic action=maybe_recompile pc=0x000000010837c684 method=java.util.regex.Pattern$CharProperty.match(Ljava/util/regex/Matcher;ILjava/lang/CharSequence;)Z @ 37
Event: 5.768 Thread 0x00007f9c22806000 Uncommon trap: reason=bimorphic action=maybe_recompile pc=0x000000010837c684 method=java.util.regex.Pattern$CharProperty.match(Ljava/util/regex/Matcher;ILjava/lang/CharSequence;)Z @ 37

Internal exceptions (10 events):
Event: 0.260 Thread 0x00007f9c22806000 Exception <a 'java/security/PrivilegedActionException'> (0x00000007a032b5c0) thrown at [/Users/java_re/workspace/8-2-build-macosx-x86_64/jdk8u45/3457/hotspot/src/share/vm/prims/jvm.cpp, line 1382]
Event: 0.272 Thread 0x00007f9c22806000 Exception <a 'java/lang/NoClassDefFoundError': org/slf4j/impl/StaticLoggerBinder> (0x00000007a03bbcf0) thrown at [/Users/java_re/workspace/8-2-build-macosx-x86_64/jdk8u45/3457/hotspot/src/share/vm/classfile/systemDictionary.cpp, line 199]
Event: 2.135 Thread 0x00007f9c22806000 Exception <a 'java/io/FileNotFoundException'> (0x00000007a0e752b8) thrown at [/Users/java_re/workspace/8-2-build-macosx-x86_64/jdk8u45/3457/hotspot/src/share/vm/prims/jni.cpp, line 709]
Event: 3.207 Thread 0x00007f9c22806000 Implicit null exception at 0x0000000107cb42dd to 0x0000000107cb47f1
Event: 3.795 Thread 0x00007f9c22806000 Exception <a 'java/lang/NoSuchFieldError': method resolution failed> (0x00000007a00caf48) thrown at [/Users/java_re/workspace/8-2-build-macosx-x86_64/jdk8u45/3457/hotspot/src/share/vm/prims/methodHandles.cpp, line 1125]
Event: 3.798 Thread 0x00007f9c22806000 Exception <a 'java/lang/NoSuchFieldError': method resolution failed> (0x00000007a00d9d58) thrown at [/Users/java_re/workspace/8-2-build-macosx-x86_64/jdk8u45/3457/hotspot/src/share/vm/prims/methodHandles.cpp, line 1125]
Event: 3.918 Thread 0x00007f9c22806000 Implicit null exception at 0x0000000107ce2d3d to 0x0000000107ce3de1
Event: 3.919 Thread 0x00007f9c22806000 Implicit null exception at 0x0000000107cd1fb4 to 0x0000000107cd2a81
Event: 4.411 Thread 0x00007f9c22806000 Implicit null exception at 0x0000000107c2dd39 to 0x0000000107c2e1f5
Event: 4.596 Thread 0x00007f9c22806000 Exception <a 'java/lang/UnsatisfiedLinkError': dlopen(c, 9): image not found> (0x00000007a193b078) thrown at [/Users/java_re/workspace/8-2-build-macosx-x86_64/jdk8u45/3457/hotspot/src/share/vm/prims/jni.cpp, line 735]

Events (10 events):
Event: 341.372 Executing VM operation: GetOrSetLocal
Event: 341.372 Executing VM operation: GetOrSetLocal done
Event: 418.496 Executing VM operation: ChangeBreakpoints
Event: 418.496 Executing VM operation: ChangeBreakpoints done
Event: 418.496 Executing VM operation: ChangeBreakpoints
Event: 418.496 Executing VM operation: ChangeBreakpoints done
Event: 418.504 Executing VM operation: RedefineClasses
Event: 418.570 Executing VM operation: RedefineClasses done
Event: 418.572 Executing VM operation: GetOrSetLocal
Event: 418.572 Executing VM operation: GetOrSetLocal done


Dynamic libraries:
0x000000000c2a4000 	/System/Library/Frameworks/Cocoa.framework/Versions/A/Cocoa
0x000000000c2a4000 	/System/Library/Frameworks/Security.framework/Versions/A/Security
0x000000000c2a4000 	/System/Library/Frameworks/ApplicationServices.framework/Versions/A/ApplicationServices
0x000000000c2a4000 	/usr/lib/libz.1.dylib
0x000000000c2a4000 	/usr/lib/libSystem.B.dylib
0x000000000c2a4000 	/usr/lib/libobjc.A.dylib
0x000000000c2a4000 	/System/Library/Frameworks/CoreFoundation.framework/Versions/A/CoreFoundation
0x000000000c2a4000 	/System/Library/Frameworks/Foundation.framework/Versions/C/Foundation
0x000000000c2a4000 	/System/Library/Frameworks/AppKit.framework/Versions/C/AppKit
0x000000000c2a4000 	/System/Library/Frameworks/CoreData.framework/Versions/A/CoreData
0x000000000c2a4000 	/System/Library/PrivateFrameworks/RemoteViewServices.framework/Versions/A/RemoteViewServices
0x000000000c2a4000 	/System/Library/PrivateFrameworks/UIFoundation.framework/Versions/A/UIFoundation
0x000000000c2a4000 	/System/Library/Frameworks/IOSurface.framework/Versions/A/IOSurface
0x000000000c2a4000 	/System/Library/Frameworks/AudioToolbox.framework/Versions/A/AudioToolbox
0x000000000c2a4000 	/System/Library/Frameworks/AudioUnit.framework/Versions/A/AudioUnit
0x000000000c2a4000 	/System/Library/PrivateFrameworks/DataDetectorsCore.framework/Versions/A/DataDetectorsCore
0x000000000c2a4000 	/System/Library/PrivateFrameworks/DesktopServicesPriv.framework/Versions/A/DesktopServicesPriv
0x000000000c2a4000 	/System/Library/Frameworks/Carbon.framework/Versions/A/Frameworks/HIToolbox.framework/Versions/A/HIToolbox
0x000000000c2a4000 	/System/Library/Frameworks/QuartzCore.framework/Versions/A/QuartzCore
0x000000000c2a4000 	/System/Library/Frameworks/Carbon.framework/Versions/A/Frameworks/SpeechRecognition.framework/Versions/A/SpeechRecognition
0x000000000c2a4000 	/usr/lib/libauto.dylib
0x000000000c2a4000 	/usr/lib/libicucore.A.dylib
0x000000000c2a4000 	/usr/lib/libxml2.2.dylib
0x000000000c2a4000 	/System/Library/PrivateFrameworks/CoreUI.framework/Versions/A/CoreUI
0x000000000c2a4000 	/System/Library/Frameworks/CoreAudio.framework/Versions/A/CoreAudio
0x000000000c2a4000 	/System/Library/Frameworks/DiskArbitration.framework/Versions/A/DiskArbitration
0x000000000c2a4000 	/usr/lib/liblangid.dylib
0x000000000c2a4000 	/System/Library/PrivateFrameworks/MultitouchSupport.framework/Versions/A/MultitouchSupport
0x000000000c2a4000 	/System/Library/Frameworks/IOKit.framework/Versions/A/IOKit
0x000000000c2a4000 	/usr/lib/libDiagnosticMessagesClient.dylib
0x000000000c2a4000 	/System/Library/Frameworks/CoreServices.framework/Versions/A/CoreServices
0x000000000c2a4000 	/System/Library/PrivateFrameworks/PerformanceAnalysis.framework/Versions/A/PerformanceAnalysis
0x000000000c2a4000 	/System/Library/PrivateFrameworks/GenerationalStorage.framework/Versions/A/GenerationalStorage
0x000000000c2a4000 	/System/Library/Frameworks/OpenGL.framework/Versions/A/OpenGL
0x000000000c2a4000 	/System/Library/PrivateFrameworks/Sharing.framework/Versions/A/Sharing
0x000000000c2a4000 	/System/Library/Frameworks/CoreGraphics.framework/Versions/A/CoreGraphics
0x000000000c2a4000 	/System/Library/Frameworks/CoreText.framework/Versions/A/CoreText
0x000000000c2a4000 	/System/Library/Frameworks/ImageIO.framework/Versions/A/ImageIO
0x000000000c2a4000 	/usr/lib/libextension.dylib
0x000000000c2a4000 	/System/Library/PrivateFrameworks/Backup.framework/Versions/A/Backup
0x000000000c2a4000 	/usr/lib/libarchive.2.dylib
0x000000000c2a4000 	/System/Library/Frameworks/CFNetwork.framework/Versions/A/CFNetwork
0x000000000c2a4000 	/System/Library/Frameworks/SystemConfiguration.framework/Versions/A/SystemConfiguration
0x000000000c2a4000 	/usr/lib/libCRFSuite.dylib
0x000000000c2a4000 	/usr/lib/libc++.1.dylib
0x000000000c2a4000 	/usr/lib/libc++abi.dylib
0x000000000c2a4000 	/usr/lib/system/libcache.dylib
0x000000000c2a4000 	/usr/lib/system/libcommonCrypto.dylib
0x000000000c2a4000 	/usr/lib/system/libcompiler_rt.dylib
0x000000000c2a4000 	/usr/lib/system/libcopyfile.dylib
0x000000000c2a4000 	/usr/lib/system/libcorecrypto.dylib
0x000000000c2a4000 	/usr/lib/system/libdispatch.dylib
0x000000000c2a4000 	/usr/lib/system/libdyld.dylib
0x000000000c2a4000 	/usr/lib/system/libkeymgr.dylib
0x000000000c2a4000 	/usr/lib/system/liblaunch.dylib
0x000000000c2a4000 	/usr/lib/system/libmacho.dylib
0x000000000c2a4000 	/usr/lib/system/libquarantine.dylib
0x000000000c2a4000 	/usr/lib/system/libremovefile.dylib
0x000000000c2a4000 	/usr/lib/system/libsystem_asl.dylib
0x000000000c2a4000 	/usr/lib/system/libsystem_blocks.dylib
0x000000000c2a4000 	/usr/lib/system/libsystem_c.dylib
0x000000000c2a4000 	/usr/lib/system/libsystem_configuration.dylib
0x000000000c2a4000 	/usr/lib/system/libsystem_coreservices.dylib
0x000000000c2a4000 	/usr/lib/system/libsystem_coretls.dylib
0x000000000c2a4000 	/usr/lib/system/libsystem_dnssd.dylib
0x000000000c2a4000 	/usr/lib/system/libsystem_info.dylib
0x000000000c2a4000 	/usr/lib/system/libsystem_kernel.dylib
0x000000000c2a4000 	/usr/lib/system/libsystem_m.dylib
0x000000000c2a4000 	/usr/lib/system/libsystem_malloc.dylib
0x000000000c2a4000 	/usr/lib/system/libsystem_network.dylib
0x000000000c2a4000 	/usr/lib/system/libsystem_networkextension.dylib
0x000000000c2a4000 	/usr/lib/system/libsystem_notify.dylib
0x000000000c2a4000 	/usr/lib/system/libsystem_platform.dylib
0x000000000c2a4000 	/usr/lib/system/libsystem_pthread.dylib
0x000000000c2a4000 	/usr/lib/system/libsystem_sandbox.dylib
0x000000000c2a4000 	/usr/lib/system/libsystem_secinit.dylib
0x000000000c2a4000 	/usr/lib/system/libsystem_stats.dylib
0x000000000c2a4000 	/usr/lib/system/libsystem_trace.dylib
0x000000000c2a4000 	/usr/lib/system/libunc.dylib
0x000000000c2a4000 	/usr/lib/system/libunwind.dylib
0x000000000c2a4000 	/usr/lib/system/libxpc.dylib
0x000000000c2a4000 	/usr/lib/libbz2.1.0.dylib
0x000000000c2a4000 	/usr/lib/liblzma.5.dylib
0x000000000c2a4000 	/usr/lib/libbsm.0.dylib
0x000000000c2a4000 	/usr/lib/libsqlite3.dylib
0x000000000c2a4000 	/usr/lib/system/libkxld.dylib
0x000000000c2a4000 	/usr/lib/libxar.1.dylib
0x000000000c2a4000 	/usr/lib/libpam.2.dylib
0x000000000c2a4000 	/usr/lib/libOpenScriptingUtil.dylib
0x000000000c2a4000 	/System/Library/Frameworks/CoreServices.framework/Versions/A/Frameworks/FSEvents.framework/Versions/A/FSEvents
0x000000000c2a4000 	/System/Library/Frameworks/CoreServices.framework/Versions/A/Frameworks/CarbonCore.framework/Versions/A/CarbonCore
0x000000000c2a4000 	/System/Library/Frameworks/CoreServices.framework/Versions/A/Frameworks/Metadata.framework/Versions/A/Metadata
0x000000000c2a4000 	/System/Library/Frameworks/CoreServices.framework/Versions/A/Frameworks/OSServices.framework/Versions/A/OSServices
0x000000000c2a4000 	/System/Library/Frameworks/CoreServices.framework/Versions/A/Frameworks/SearchKit.framework/Versions/A/SearchKit
0x000000000c2a4000 	/System/Library/Frameworks/CoreServices.framework/Versions/A/Frameworks/AE.framework/Versions/A/AE
0x000000000c2a4000 	/System/Library/Frameworks/CoreServices.framework/Versions/A/Frameworks/LaunchServices.framework/Versions/A/LaunchServices
0x000000000c2a4000 	/System/Library/Frameworks/CoreServices.framework/Versions/A/Frameworks/DictionaryServices.framework/Versions/A/DictionaryServices
0x000000000c2a4000 	/System/Library/Frameworks/NetFS.framework/Versions/A/NetFS
0x000000000c2a4000 	/System/Library/PrivateFrameworks/NetAuth.framework/Versions/A/NetAuth
0x000000000c2a4000 	/System/Library/PrivateFrameworks/login.framework/Versions/A/Frameworks/loginsupport.framework/Versions/A/loginsupport
0x000000000c2a4000 	/System/Library/PrivateFrameworks/TCC.framework/Versions/A/TCC
0x000000000c2a4000 	/usr/lib/libmecabra.dylib
0x000000000c2a4000 	/System/Library/Frameworks/ApplicationServices.framework/Versions/A/Frameworks/ATS.framework/Versions/A/ATS
0x000000000c2a4000 	/System/Library/Frameworks/ApplicationServices.framework/Versions/A/Frameworks/ColorSync.framework/Versions/A/ColorSync
0x000000000c2a4000 	/System/Library/Frameworks/ApplicationServices.framework/Versions/A/Frameworks/HIServices.framework/Versions/A/HIServices
0x000000000c2a4000 	/System/Library/Frameworks/ApplicationServices.framework/Versions/A/Frameworks/LangAnalysis.framework/Versions/A/LangAnalysis
0x000000000c2a4000 	/System/Library/Frameworks/ApplicationServices.framework/Versions/A/Frameworks/PrintCore.framework/Versions/A/PrintCore
0x000000000c2a4000 	/System/Library/Frameworks/ApplicationServices.framework/Versions/A/Frameworks/QD.framework/Versions/A/QD
0x000000000c2a4000 	/System/Library/Frameworks/ApplicationServices.framework/Versions/A/Frameworks/SpeechSynthesis.framework/Versions/A/SpeechSynthesis
0x000000000c2a4000 	/System/Library/Frameworks/Accelerate.framework/Versions/A/Accelerate
0x000000000c2a4000 	/System/Library/Frameworks/Accelerate.framework/Versions/A/Frameworks/vImage.framework/Versions/A/vImage
0x000000000c2a4000 	/System/Library/Frameworks/Accelerate.framework/Versions/A/Frameworks/vecLib.framework/Versions/A/vecLib
0x000000000c2a4000 	/System/Library/Frameworks/Accelerate.framework/Versions/A/Frameworks/vecLib.framework/Versions/A/libvDSP.dylib
0x000000000c2a4000 	/System/Library/Frameworks/Accelerate.framework/Versions/A/Frameworks/vecLib.framework/Versions/A/libvMisc.dylib
0x000000000c2a4000 	/System/Library/Frameworks/Accelerate.framework/Versions/A/Frameworks/vecLib.framework/Versions/A/libLAPACK.dylib
0x000000000c2a4000 	/System/Library/Frameworks/Accelerate.framework/Versions/A/Frameworks/vecLib.framework/Versions/A/libBLAS.dylib
0x000000000c2a4000 	/System/Library/Frameworks/Accelerate.framework/Versions/A/Frameworks/vecLib.framework/Versions/A/libLinearAlgebra.dylib
0x000000000c2a4000 	/System/Library/Frameworks/ApplicationServices.framework/Versions/A/Frameworks/ATS.framework/Versions/A/Resources/libFontParser.dylib
0x000000000c2a4000 	/System/Library/Frameworks/ApplicationServices.framework/Versions/A/Frameworks/ATS.framework/Versions/A/Resources/libFontRegistry.dylib
0x000000000c2a4000 	/System/Library/PrivateFrameworks/AppleVPA.framework/Versions/A/AppleVPA
0x000000000c2a4000 	/System/Library/PrivateFrameworks/AppleJPEG.framework/Versions/A/AppleJPEG
0x000000000c2a4000 	/System/Library/Frameworks/ImageIO.framework/Versions/A/Resources/libJPEG.dylib
0x000000000c2a4000 	/System/Library/Frameworks/ImageIO.framework/Versions/A/Resources/libTIFF.dylib
0x000000000c2a4000 	/System/Library/Frameworks/ImageIO.framework/Versions/A/Resources/libPng.dylib
0x000000000c2a4000 	/System/Library/Frameworks/ImageIO.framework/Versions/A/Resources/libGIF.dylib
0x000000000c2a4000 	/System/Library/Frameworks/ImageIO.framework/Versions/A/Resources/libJP2.dylib
0x000000000c2a4000 	/System/Library/Frameworks/ImageIO.framework/Versions/A/Resources/libRadiance.dylib
0x000000000c2a4000 	/System/Library/Frameworks/CoreVideo.framework/Versions/A/CoreVideo
0x000000000c2a4000 	/System/Library/Frameworks/OpenGL.framework/Versions/A/Libraries/libGLU.dylib
0x000000000c2a4000 	/System/Library/Frameworks/OpenGL.framework/Versions/A/Libraries/libGFXShared.dylib
0x000000000c2a4000 	/System/Library/Frameworks/OpenGL.framework/Versions/A/Libraries/libGL.dylib
0x000000000c2a4000 	/System/Library/Frameworks/OpenGL.framework/Versions/A/Libraries/libGLImage.dylib
0x000000000c2a4000 	/System/Library/Frameworks/OpenGL.framework/Versions/A/Libraries/libCVMSPluginSupport.dylib
0x000000000c2a4000 	/System/Library/Frameworks/OpenGL.framework/Versions/A/Libraries/libCoreVMClient.dylib
0x000000000c2a4000 	/usr/lib/libcups.2.dylib
0x000000000c2a4000 	/System/Library/Frameworks/Kerberos.framework/Versions/A/Kerberos
0x000000000c2a4000 	/System/Library/Frameworks/GSS.framework/Versions/A/GSS
0x000000000c2a4000 	/usr/lib/libresolv.9.dylib
0x000000000c2a4000 	/usr/lib/libiconv.2.dylib
0x000000000c2a4000 	/System/Library/PrivateFrameworks/Heimdal.framework/Versions/A/Heimdal
0x000000000c2a4000 	/usr/lib/libheimdal-asn1.dylib
0x000000000c2a4000 	/System/Library/Frameworks/OpenDirectory.framework/Versions/A/OpenDirectory
0x000000000c2a4000 	/System/Library/PrivateFrameworks/CommonAuth.framework/Versions/A/CommonAuth
0x000000000c2a4000 	/System/Library/Frameworks/OpenDirectory.framework/Versions/A/Frameworks/CFOpenDirectory.framework/Versions/A/CFOpenDirectory
0x000000000c2a4000 	/System/Library/Frameworks/SecurityFoundation.framework/Versions/A/SecurityFoundation
0x000000000c2a4000 	/System/Library/PrivateFrameworks/LanguageModeling.framework/Versions/A/LanguageModeling
0x000000000c2a4000 	/usr/lib/libcmph.dylib
0x000000000c2a4000 	/System/Library/Frameworks/ServiceManagement.framework/Versions/A/ServiceManagement
0x000000000c2a4000 	/usr/lib/libxslt.1.dylib
0x000000000c2a4000 	/System/Library/Frameworks/Carbon.framework/Versions/A/Frameworks/Ink.framework/Versions/A/Ink
0x000000000c2a4000 	/System/Library/Frameworks/QuartzCore.framework/Versions/A/Frameworks/CoreImage.framework/Versions/A/CoreImage
0x000000000c2a4000 	/System/Library/PrivateFrameworks/CrashReporterSupport.framework/Versions/A/CrashReporterSupport
0x000000000c2a4000 	/System/Library/Frameworks/OpenCL.framework/Versions/A/OpenCL
0x000000000c2a4000 	/System/Library/PrivateFrameworks/FaceCore.framework/Versions/A/FaceCore
0x000000000c2a4000 	/System/Library/PrivateFrameworks/Ubiquity.framework/Versions/A/Ubiquity
0x000000000c2a4000 	/System/Library/PrivateFrameworks/IconServices.framework/Versions/A/IconServices
0x000000000c2a4000 	/System/Library/PrivateFrameworks/ChunkingLibrary.framework/Versions/A/ChunkingLibrary
0x000000000c2a4000 	/System/Library/PrivateFrameworks/Apple80211.framework/Versions/A/Apple80211
0x000000000c2a4000 	/System/Library/Frameworks/CoreWLAN.framework/Versions/A/CoreWLAN
0x000000000c2a4000 	/System/Library/Frameworks/IOBluetooth.framework/Versions/A/IOBluetooth
0x000000000c2a4000 	/System/Library/PrivateFrameworks/CoreWiFi.framework/Versions/A/CoreWiFi
0x000000000c2a4000 	/System/Library/Frameworks/CoreBluetooth.framework/Versions/A/CoreBluetooth
0x000000000c2a4000 	/System/Library/PrivateFrameworks/DebugSymbols.framework/Versions/A/DebugSymbols
0x000000000c2a4000 	/System/Library/PrivateFrameworks/CoreSymbolication.framework/Versions/A/CoreSymbolication
0x000000000c2a4000 	/System/Library/PrivateFrameworks/Symbolication.framework/Versions/A/Symbolication
0x000000000c2a4000 	/System/Library/PrivateFrameworks/SpeechRecognitionCore.framework/Versions/A/SpeechRecognitionCore
0x0000000106a00000 	/Library/Java/JavaVirtualMachines/jdk1.8.0_45.jdk/Contents/Home/jre/lib/server/libjvm.dylib
0x000000000c2a4000 	/usr/lib/libstdc++.6.dylib
0x0000000105923000 	/Library/Java/JavaVirtualMachines/jdk1.8.0_45.jdk/Contents/Home/jre/lib/libverify.dylib
0x0000000105931000 	/Library/Java/JavaVirtualMachines/jdk1.8.0_45.jdk/Contents/Home/jre/lib/libjava.dylib
0x0000000105967000 	/Library/Java/JavaVirtualMachines/jdk1.8.0_45.jdk/Contents/Home/jre/lib/libjdwp.dylib
0x00000001059b2000 	/Library/Java/JavaVirtualMachines/jdk1.8.0_45.jdk/Contents/Home/jre/lib/libnpt.dylib
0x00000001059bf000 	/Library/Java/JavaVirtualMachines/jdk1.8.0_45.jdk/Contents/Home/jre/lib/libzip.dylib
0x00000001059e7000 	/System/Library/Frameworks/JavaVM.framework/Frameworks/JavaRuntimeSupport.framework/JavaRuntimeSupport
0x000000011d799000 	/System/Library/Frameworks/JavaVM.framework/Versions/A/Frameworks/JavaNativeFoundation.framework/Versions/A/JavaNativeFoundation
0x000000011d7ae000 	/System/Library/Frameworks/JavaVM.framework/Versions/A/JavaVM
0x000000000c2a4000 	/System/Library/Frameworks/Carbon.framework/Versions/A/Carbon
0x000000011d7bb000 	/System/Library/PrivateFrameworks/JavaLaunching.framework/Versions/A/JavaLaunching
0x000000000c2a4000 	/System/Library/Frameworks/Carbon.framework/Versions/A/Frameworks/CommonPanels.framework/Versions/A/CommonPanels
0x000000000c2a4000 	/System/Library/Frameworks/Carbon.framework/Versions/A/Frameworks/Help.framework/Versions/A/Help
0x000000000c2a4000 	/System/Library/Frameworks/Carbon.framework/Versions/A/Frameworks/ImageCapture.framework/Versions/A/ImageCapture
0x000000000c2a4000 	/System/Library/Frameworks/Carbon.framework/Versions/A/Frameworks/OpenScripting.framework/Versions/A/OpenScripting
0x000000000c2a4000 	/System/Library/Frameworks/Carbon.framework/Versions/A/Frameworks/Print.framework/Versions/A/Print
0x000000000c2a4000 	/System/Library/Frameworks/Carbon.framework/Versions/A/Frameworks/SecurityHI.framework/Versions/A/SecurityHI
0x000000011f1a6000 	/Library/Java/JavaVirtualMachines/jdk1.8.0_45.jdk/Contents/Home/jre/lib/libdt_socket.dylib
0x000000011ff69000 	/Library/Java/JavaVirtualMachines/jdk1.8.0_45.jdk/Contents/Home/jre/lib/libnet.dylib
0x000000011ff80000 	/Library/Java/JavaVirtualMachines/jdk1.8.0_45.jdk/Contents/Home/jre/lib/libnio.dylib
0x000000011fefd000 	/private/var/folders/gd/8bfvj7c92q7g_qbnbkr1m4zw0000gn/T/jffi1685899811027747321.tmp

VM Arguments:
jvm_args: -agentlib:jdwp=transport=dt_socket,address=127.0.0.1:59412,suspend=y,server=n -Dfile.encoding=UTF-8 
java_command: App /Users/artemvlasov/git/RazborPoletovReader/config.properties
java_class_path (initial): /Library/Java/JavaVirtualMachines/jdk1.8.0_45.jdk/Contents/Home/lib/ant-javafx.jar:/Library/Java/JavaVirtualMachines/jdk1.8.0_45.jdk/Contents/Home/lib/dt.jar:/Library/Java/JavaVirtualMachines/jdk1.8.0_45.jdk/Contents/Home/lib/javafx-mx.jar:/Library/Java/JavaVirtualMachines/jdk1.8.0_45.jdk/Contents/Home/lib/jconsole.jar:/Library/Java/JavaVirtualMachines/jdk1.8.0_45.jdk/Contents/Home/lib/packager.jar:/Library/Java/JavaVirtualMachines/jdk1.8.0_45.jdk/Contents/Home/lib/sa-jdi.jar:/Library/Java/JavaVirtualMachines/jdk1.8.0_45.jdk/Contents/Home/lib/tools.jar:/Library/Java/JavaVirtualMachines/jdk1.8.0_45.jdk/Contents/Home/jre/lib/charsets.jar:/Library/Java/JavaVirtualMachines/jdk1.8.0_45.jdk/Contents/Home/jre/lib/deploy.jar:/Library/Java/JavaVirtualMachines/jdk1.8.0_45.jdk/Contents/Home/jre/lib/javaws.jar:/Library/Java/JavaVirtualMachines/jdk1.8.0_45.jdk/Contents/Home/jre/lib/jce.jar:/Library/Java/JavaVirtualMachines/jdk1.8.0_45.jdk/Contents/Home/jre/lib/jfr.jar:/Library/Java/JavaVirtualMachines/jdk1.8.0_45.jdk/Contents/Home/jre/lib/jfxswt.jar:/Library/Java/JavaVirtualMachines/jdk1.8.0_45.jdk/Contents/Home/jre/lib/jsse.jar:/Library/Java/JavaVirtualMachines/jdk1.8.0_45.jdk/Contents/Home/jre/lib/management-agent.jar:/Library/Java/JavaVirtualMachines/jdk1.8.0_45.jdk/Contents/Home/jre/lib/plugin.jar:/Library/Java/JavaVirtualMachines/jdk1.8.0_45.jdk/Contents/Home/jre/lib/resources.jar:/Library/Java/JavaVirtualMachines/jdk1.8.0_45.jdk/Contents/Home/jre/lib/rt.jar:/Library/Java/JavaVirtualMachines/jdk1.8.0_45.jdk/Contents/Home/jre/lib/ext/cldrdata.jar:/Library/Java/JavaVirtualMachines/jdk1.8.0_45.jdk/Contents/Home/jre/lib/ext/dnsns.jar:/Library/Java/JavaVirtualMachines/jdk1.8.0_45.jdk/Contents/Home/jre/lib/ext/jfxrt.jar:/Library/Java/JavaVirtualMachines/jdk1.8.0_45.jdk/Contents/Home/jre/lib/ext/localedata.jar:/Library/Java/JavaVirtualMachines/jdk1.8.0_45.jdk/Contents/Home/jre/lib/ext/nashorn.jar:/Library/Java/JavaVirtualMachines/jdk1.8.0_45.jdk/Conten
Launcher Type: SUN_STANDARD

Environment Variables:
JAVA_HOME=/Library/Java/JavaVirtualMachines/jdk1.8.0_45.jdk/Contents/Home
PATH=/opt/local/bin:/opt/local/sbin:/usr/local/Wildfly/bin:/usr/local/bin:/usr/bin:/bin:/usr/sbin:/sbin:/usr/local/git/bin:/usr/local/Maven/bin
SHELL=/bin/bash

Signal Handlers:
SIGSEGV: [libjvm.dylib+0x58ef95], sa_mask[0]=11111111011111110111111111111111, sa_flags=SA_ONSTACK|SA_RESTART|SA_SIGINFO
SIGBUS: [libjvm.dylib+0x58ef95], sa_mask[0]=11111111011111110111111111111111, sa_flags=SA_RESTART|SA_SIGINFO
SIGFPE: [libjvm.dylib+0x46c108], sa_mask[0]=11111111011111110111111111111111, sa_flags=SA_RESTART|SA_SIGINFO
SIGPIPE: [libjvm.dylib+0x46c108], sa_mask[0]=11111111011111110111111111111111, sa_flags=SA_RESTART|SA_SIGINFO
SIGXFSZ: [libjvm.dylib+0x46c108], sa_mask[0]=11111111011111110111111111111111, sa_flags=SA_RESTART|SA_SIGINFO
SIGILL: [libjvm.dylib+0x46c108], sa_mask[0]=11111111011111110111111111111111, sa_flags=SA_RESTART|SA_SIGINFO
SIGUSR1: SIG_DFL, sa_mask[0]=00000000000000000000000000000000, sa_flags=none
SIGUSR2: [libjvm.dylib+0x46bc26], sa_mask[0]=00100000000000000000000000000000, sa_flags=SA_RESTART|SA_SIGINFO
SIGHUP: [libjvm.dylib+0x46a1f9], sa_mask[0]=11111111011111110111111111111111, sa_flags=SA_RESTART|SA_SIGINFO
SIGINT: [libjvm.dylib+0x46a1f9], sa_mask[0]=11111111011111110111111111111111, sa_flags=SA_RESTART|SA_SIGINFO
SIGTERM: [libjvm.dylib+0x46a1f9], sa_mask[0]=11111111011111110111111111111111, sa_flags=SA_RESTART|SA_SIGINFO
SIGQUIT: [libjvm.dylib+0x46a1f9], sa_mask[0]=11111111011111110111111111111111, sa_flags=SA_RESTART|SA_SIGINFO


---------------  S Y S T E M  ---------------

OS:Bsduname:Darwin 14.3.0 Darwin Kernel Version 14.3.0: Mon Mar 23 11:59:05 PDT 2015; root:xnu-2782.20.48~5/RELEASE_X86_64 x86_64
rlimit: STACK 8192k, CORE 0k, NPROC 709, NOFILE 10240, AS infinity
load average:2.99 3.19 3.20

CPU:total 8 (4 cores per cpu, 2 threads per core) family 6 model 42 stepping 7, cmov, cx8, fxsr, mmx, sse, sse2, sse3, ssse3, sse4.1, sse4.2, popcnt, avx, aes, clmul, ht, tsc, tscinvbit

Memory: 4k page, physical 6291456k(120320k free)

/proc/meminfo:


vm_info: Java HotSpot(TM) 64-Bit Server VM (25.45-b02) for bsd-amd64 JRE (1.8.0_45-b14), built on Apr 10 2015 10:46:38 by "java_re" with gcc 4.2.1 (Based on Apple Inc. build 5658) (LLVM build 2336.11.00)

time: Mon Apr 20 11:58:16 2015
elapsed time: 418 seconds (0d 0h 6m 58s)

