#
# A fatal error has been detected by the Java Runtime Environment:
#
#  SIGSEGV (0xb) at pc=0x000000010f232d10, pid=15523, tid=18691
#
# JRE version: Java(TM) SE Runtime Environment (8.0_45-b14) (build 1.8.0_45-b14)
# Java VM: Java HotSpot(TM) 64-Bit Server VM (25.45-b02 mixed mode bsd-amd64 compressed oops)
# Problematic frame:
# V  [libjvm.dylib+0x432d10]
#
# Failed to write core dump. Core dumps have been disabled. To enable core dumping, try "ulimit -c unlimited" before starting Java again
#
# If you would like to submit a bug report, please visit:
#   http://bugreport.java.com/bugreport/crash.jsp
#

---------------  T H R E A D  ---------------

Current thread (0x00007f938c00f000):  JavaThread "JDWP Transport Listener: dt_socket" daemon [_thread_in_vm, id=18691, stack(0x00000001275e9000,0x00000001276e9000)]

siginfo: si_signo: 11 (SIGSEGV), si_code: 0 (unknown), si_addr: 0x0000000000000000

Registers:
RAX=0x0000000000000001, RBX=0x00000001276e8a8b, RCX=0x000000010f5fa190, RDX=0x00000001276e8a8b
RSP=0x00000001276e89d0, RBP=0x00000001276e89e0, RSI=0x00007f938c00f000, RDI=0x766f74656c6f0004
R8 =0x0000000000000000, R9 =0x00007f9389f00000, R10=0x0000000000000010, R11=0x00007f9389f00000
R12=0x00007f938c00f000, R13=0x766f74656c6f0004, R14=0x766f74656c6f0004, R15=0x00007f9389c07a30
RIP=0x000000010f232d10, EFLAGS=0x0000000000010202, ERR=0x0000000000000000
  TRAPNO=0x000000000000000d

Top of Stack: (sp=0x00000001276e89d0)
0x00000001276e89d0:   00000001276e8a8b 00000001276e8a8b
0x00000001276e89e0:   00000001276e8a40 000000010f1430d6
0x00000001276e89f0:   00007f938c00f000 0000000000000000
0x00000001276e8a00:   0000000000000000 0000000000000000
0x00000001276e8a10:   00007f938c00f000 00007f938c00f000
0x00000001276e8a20:   00000001276e8a8b 00000001276e8a90
0x00000001276e8a30:   766f74656c6f0004 0000000000000002
0x00000001276e8a40:   00000001276e8a60 000000010ddc3780
0x00000001276e8a50:   0000000000000001 00000001276e8b08
0x00000001276e8a60:   00000001276e8ad0 000000010dda81f3
0x00000001276e8a70:   00000001276e8aa0 00007f9389f5bdd0
0x00000001276e8a80:   0000000300000032 00000009006e8b08
0x00000001276e8a90:   0000000000000000 0000000000000000
0x00000001276e8aa0:   0000000000000000 00000001276e8c90
0x00000001276e8ab0:   000000010ddcae7a 00007f9389f5bd00
0x00000001276e8ac0:   00000001276e8b08 000000010ddd6598
0x00000001276e8ad0:   00000001276e8ae0 000000010dda82ec
0x00000001276e8ae0:   00000001276e8d00 000000010ddb1898
0x00000001276e8af0:   00007fe800000013 00000000000f0200
0x00000001276e8b00:   00007f9389f5bd80 00000001276e8bcf
0x00000001276e8b10:   00007f93000000b5 00000001276e8b20
0x00000001276e8b20:   00007f9300000077 00000001276e8b58
0x00000001276e8b30:   0000000000000000 00007f0000000000
0x00000001276e8b40:   00007fe80000000f 00007fff0000bf80
0x00000001276e8b50:   00000001276e8b58 937f000003000000
0x00000001276e8b60:   0d000000b8cde289 6d246164626d616c
0x00000001276e8b70:   00000030246e6961 6a2f67726f4c281c
0x00000001276e8b80:   646f6e2f70756f73 656d656c452f7365
0x00000001276e8b90:   00000056293b746e 7f00000a1000f000
0x00000001276e8ba0:   0000008805c28993 0000006e69616d04
0x00000001276e8bb0:   6176616a4c5b2816 74532f676e616c2f
0x00000001276e8bc0:   0056293b676e6972 7209000000000000 

Instructions: (pc=0x000000010f232d10)
0x000000010f232cf0:   40 48 48 85 c0 75 e0 30 c0 0f b6 c0 5d c3 31 c0
0x000000010f232d00:   5d c3 55 48 89 e5 53 48 83 ec 08 48 85 ff 74 24
0x000000010f232d10:   48 8b 1f 48 85 db 74 1c 48 83 fb 37 74 16 48 8b
0x000000010f232d20:   03 48 89 df ff 50 10 84 c0 b8 00 00 00 00 48 0f 

Register to memory mapping:

RAX=0x0000000000000001 is an unknown value
RBX=0x00000001276e8a8b is pointing into the stack for thread: 0x00007f938c00f000
RCX=0x000000010f5fa190: UseMembar+0 in /Library/Java/JavaVirtualMachines/jdk1.8.0_45.jdk/Contents/Home/jre/lib/server/libjvm.dylib at 0x000000010ee00000
RDX=0x00000001276e8a8b is pointing into the stack for thread: 0x00007f938c00f000
RSP=0x00000001276e89d0 is pointing into the stack for thread: 0x00007f938c00f000
RBP=0x00000001276e89e0 is pointing into the stack for thread: 0x00007f938c00f000
RSI=0x00007f938c00f000 is a thread
RDI=0x766f74656c6f0004 is an unknown value
R8 =0x0000000000000000 is an unknown value
R9 =0x00007f9389f00000 is an unknown value
R10=0x0000000000000010 is an unknown value
R11=0x00007f9389f00000 is an unknown value
R12=0x00007f938c00f000 is a thread
R13=0x766f74656c6f0004 is an unknown value
R14=0x766f74656c6f0004 is an unknown value
R15=0x00007f9389c07a30 is an unknown value


Stack: [0x00000001275e9000,0x00000001276e9000],  sp=0x00000001276e89d0,  free space=1022k
Native frames: (J=compiled Java code, j=interpreted, Vv=VM code, C=native code)
V  [libjvm.dylib+0x432d10]
V  [libjvm.dylib+0x3430d6]
C  [libjdwp.dylib+0x20780]  isMethodSynthetic+0x63
C  [libjdwp.dylib+0x51f3]  methods1+0x10b
C  [libjdwp.dylib+0x52ec]  methodsWithGeneric+0xe
C  [libjdwp.dylib+0xe898]  debugLoop_run+0x1ce
C  [libjdwp.dylib+0x1f6ba]  attachThread+0x4d
V  [libjvm.dylib+0x38401c]
V  [libjvm.dylib+0x549acf]
V  [libjvm.dylib+0x54b1c0]
V  [libjvm.dylib+0x46ea7e]
C  [libsystem_pthread.dylib+0x3268]  _pthread_body+0x83
C  [libsystem_pthread.dylib+0x31e5]  _pthread_body+0x0
C  [libsystem_pthread.dylib+0x141d]  thread_start+0xd
C  0x0000000000000000


---------------  P R O C E S S  ---------------

Java Threads: ( => current thread )
  0x00007f938b008000 JavaThread "Service Thread" daemon [_thread_blocked, id=22275, stack(0x0000000127cfe000,0x0000000127dfe000)]
  0x00007f938e003800 JavaThread "C1 CompilerThread3" daemon [_thread_blocked, id=21763, stack(0x0000000127bfb000,0x0000000127cfb000)]
  0x00007f938a806000 JavaThread "C2 CompilerThread2" daemon [_thread_blocked, id=21251, stack(0x0000000127af8000,0x0000000127bf8000)]
  0x00007f938e002800 JavaThread "C2 CompilerThread1" daemon [_thread_blocked, id=20739, stack(0x00000001279f5000,0x0000000127af5000)]
  0x00007f938c008000 JavaThread "C2 CompilerThread0" daemon [_thread_blocked, id=20227, stack(0x00000001278f2000,0x00000001279f2000)]
  0x00007f938e000000 JavaThread "JDWP Command Reader" daemon [_thread_in_native, id=19715, stack(0x00000001277ef000,0x00000001278ef000)]
  0x00007f938c82b800 JavaThread "JDWP Event Helper Thread" daemon [_thread_blocked, id=19203, stack(0x00000001276ec000,0x00000001277ec000)]
=>0x00007f938c00f000 JavaThread "JDWP Transport Listener: dt_socket" daemon [_thread_in_vm, id=18691, stack(0x00000001275e9000,0x00000001276e9000)]
  0x00007f938d00c000 JavaThread "Signal Dispatcher" daemon [_thread_blocked, id=15627, stack(0x00000001274df000,0x00000001275df000)]
  0x00007f938a034800 JavaThread "Finalizer" daemon [_thread_blocked, id=13571, stack(0x0000000125abe000,0x0000000125bbe000)]
  0x00007f938a034000 JavaThread "Reference Handler" daemon [_thread_blocked, id=13059, stack(0x00000001259bb000,0x0000000125abb000)]
  0x00007f938b006800 JavaThread "main" [_thread_blocked, id=4867, stack(0x000000010dc5d000,0x000000010dd5d000)]

Other Threads:
  0x00007f938a031000 VMThread [stack: 0x00000001258b8000,0x00000001259b8000] [id=12547]
  0x00007f938c00d800 WatcherThread [stack: 0x0000000127e01000,0x0000000127f01000] [id=22787]

VM state:not at safepoint (normal execution)

VM Mutex/Monitor currently owned by a thread: None

Heap:
 PSYoungGen      total 28672K, used 5405K [0x00000007a0000000, 0x00000007a2000000, 0x00000007c0000000)
  eden space 24576K, 5% used [0x00000007a0000000,0x00000007a014a138,0x00000007a1800000)
  from space 4096K, 99% used [0x00000007a1c00000,0x00000007a1ffd578,0x00000007a2000000)
  to   space 4096K, 0% used [0x00000007a1800000,0x00000007a1800000,0x00000007a1c00000)
 ParOldGen       total 65536K, used 8493K [0x0000000760000000, 0x0000000764000000, 0x00000007a0000000)
  object space 65536K, 12% used [0x0000000760000000,0x000000076084b630,0x0000000764000000)
 Metaspace       used 5847K, capacity 5936K, committed 6144K, reserved 1056768K
  class space    used 700K, capacity 720K, committed 768K, reserved 1048576K

Card table byte_map: [0x000000011f132000,0x000000011f433000] byte_map_base: 0x000000011b632000

Marking Bits: (ParMarkBitMap*) 0x000000010f6c27a0
 Begin Bits: [0x000000011fe4b000, 0x000000012164b000)
 End Bits:   [0x000000012164b000, 0x0000000122e4b000)

Polling page: 0x000000010dda2000

CodeCache: size=245760Kb used=2237Kb max_used=2251Kb free=243522Kb
 bounds [0x000000010fd72000, 0x000000010ffe2000, 0x000000011ed72000]
 total_blobs=644 nmethods=386 adapters=180
 compilation: enabled

Compilation events (10 events):
Event: 366.456 Thread 0x00007f938e003800 nmethod 387 0x000000010ff63490 code [0x000000010ff63620, 0x000000010ff63ac8]
Event: 366.460 Thread 0x00007f938a806000 nmethod 386% 0x000000010ff95c50 code [0x000000010ff95ec0, 0x000000010ff96e38]
Event: 483.810 Thread 0x00007f938c008000  388       4       org.jsoup.select.NodeTraversor::traverse (99 bytes)
Event: 483.825 Thread 0x00007f938c008000 nmethod 388 0x000000010ffa5310 code [0x000000010ffa5580, 0x000000010ffa6318]
Event: 500.290 Thread 0x00007f938e002800  389       4       java.util.Locale::getDefault (4 bytes)
Event: 500.291 Thread 0x00007f938e002800 nmethod 389 0x000000010ff44750 code [0x000000010ff448a0, 0x000000010ff448f8]
Event: 502.098 Thread 0x00007f938a806000  390       4       java.lang.String::toLowerCase (439 bytes)
Event: 502.118 Thread 0x00007f938a806000 nmethod 390 0x000000010ffa7250 code [0x000000010ffa7420, 0x000000010ffa8218]
Event: 508.372 Thread 0x00007f938c008000  391       4       java.lang.String::toLowerCase (8 bytes)
Event: 508.373 Thread 0x00007f938c008000 nmethod 391 0x000000010ff66990 code [0x000000010ff66ae0, 0x000000010ff66b88]

GC Heap History (4 events):
Event: 20.471 GC heap before
{Heap before GC invocations=1 (full 0):
 PSYoungGen      total 28672K, used 24576K [0x00000007a0000000, 0x00000007a2000000, 0x00000007c0000000)
  eden space 24576K, 100% used [0x00000007a0000000,0x00000007a1800000,0x00000007a1800000)
  from space 4096K, 0% used [0x00000007a1c00000,0x00000007a1c00000,0x00000007a2000000)
  to   space 4096K, 0% used [0x00000007a1800000,0x00000007a1800000,0x00000007a1c00000)
 ParOldGen       total 65536K, used 0K [0x0000000760000000, 0x0000000764000000, 0x00000007a0000000)
  object space 65536K, 0% used [0x0000000760000000,0x0000000760000000,0x0000000764000000)
 Metaspace       used 5805K, capacity 5872K, committed 6144K, reserved 1056768K
  class space    used 698K, capacity 720K, committed 768K, reserved 1048576K
Event: 20.479 GC heap after
Heap after GC invocations=1 (full 0):
 PSYoungGen      total 28672K, used 4071K [0x00000007a0000000, 0x00000007a2000000, 0x00000007c0000000)
  eden space 24576K, 0% used [0x00000007a0000000,0x00000007a0000000,0x00000007a1800000)
  from space 4096K, 99% used [0x00000007a1800000,0x00000007a1bf9d88,0x00000007a1c00000)
  to   space 4096K, 0% used [0x00000007a1c00000,0x00000007a1c00000,0x00000007a2000000)
 ParOldGen       total 65536K, used 3025K [0x0000000760000000, 0x0000000764000000, 0x00000007a0000000)
  object space 65536K, 4% used [0x0000000760000000,0x00000007602f4488,0x0000000764000000)
 Metaspace       used 5805K, capacity 5872K, committed 6144K, reserved 1056768K
  class space    used 698K, capacity 720K, committed 768K, reserved 1048576K
}
Event: 500.279 GC heap before
{Heap before GC invocations=2 (full 0):
 PSYoungGen      total 28672K, used 28472K [0x00000007a0000000, 0x00000007a2000000, 0x00000007c0000000)
  eden space 24576K, 99% used [0x00000007a0000000,0x00000007a17d4318,0x00000007a1800000)
  from space 4096K, 99% used [0x00000007a1800000,0x00000007a1bf9d88,0x00000007a1c00000)
  to   space 4096K, 0% used [0x00000007a1c00000,0x00000007a1c00000,0x00000007a2000000)
 ParOldGen       total 65536K, used 3025K [0x0000000760000000, 0x0000000764000000, 0x00000007a0000000)
  object space 65536K, 4% used [0x0000000760000000,0x00000007602f4488,0x0000000764000000)
 Metaspace       used 5816K, capacity 5872K, committed 6144K, reserved 1056768K
  class space    used 698K, capacity 720K, committed 768K, reserved 1048576K
Event: 500.285 GC heap after
Heap after GC invocations=2 (full 0):
 PSYoungGen      total 28672K, used 4085K [0x00000007a0000000, 0x00000007a2000000, 0x00000007c0000000)
  eden space 24576K, 0% used [0x00000007a0000000,0x00000007a0000000,0x00000007a1800000)
  from space 4096K, 99% used [0x00000007a1c00000,0x00000007a1ffd578,0x00000007a2000000)
  to   space 4096K, 0% used [0x00000007a1800000,0x00000007a1800000,0x00000007a1c00000)
 ParOldGen       total 65536K, used 8493K [0x0000000760000000, 0x0000000764000000, 0x00000007a0000000)
  object space 65536K, 12% used [0x0000000760000000,0x000000076084b630,0x0000000764000000)
 Metaspace       used 5816K, capacity 5872K, committed 6144K, reserved 1056768K
  class space    used 698K, capacity 720K, committed 768K, reserved 1048576K
}

Deoptimization events (5 events):
Event: 0.240 Thread 0x00007f938b006800 Uncommon trap: reason=unstable_if action=reinterpret pc=0x000000010fe8dccc method=java.lang.String.hashCode()I @ 14
Event: 0.279 Thread 0x00007f938b006800 Uncommon trap: reason=unstable_if action=reinterpret pc=0x000000010fea455c method=java.lang.String.indexOf(II)I @ 49
Event: 20.452 Thread 0x00007f938b006800 Uncommon trap: reason=bimorphic action=maybe_recompile pc=0x000000010ff6d00c method=org.jsoup.nodes.Node$OuterHtmlVisitor.head(Lorg/jsoup/nodes/Node;I)V @ 10
Event: 20.454 Thread 0x00007f938b006800 Uncommon trap: reason=unstable_if action=reinterpret pc=0x000000010ff6dc38 method=org.jsoup.nodes.Element.outerHtmlHead(Ljava/lang/StringBuilder;ILorg/jsoup/nodes/Document$OutputSettings;)V @ 4
Event: 20.464 Thread 0x00007f938b006800 Uncommon trap: reason=unstable_if action=reinterpret pc=0x000000010ff5c4a0 method=java.lang.Character.isHighSurrogate(C)Z @ 3

Internal exceptions (10 events):
Event: 0.353 Thread 0x00007f938b006800 Exception <a 'java/lang/ArrayIndexOutOfBoundsException': 22> (0x00000007a05f9390) thrown at [/Users/java_re/workspace/8-2-build-macosx-x86_64/jdk8u45/3457/hotspot/src/share/vm/interpreter/interpreterRuntime.cpp, line 366]
Event: 0.356 Thread 0x00007f938b006800 Exception <a 'java/lang/ArrayIndexOutOfBoundsException': 160> (0x00000007a05fb730) thrown at [/Users/java_re/workspace/8-2-build-macosx-x86_64/jdk8u45/3457/hotspot/src/share/vm/interpreter/interpreterRuntime.cpp, line 366]
Event: 0.361 Thread 0x00007f938b006800 Exception <a 'java/lang/ClassNotFoundException': org/apache/log4j/LayoutCustomizer> (0x00000007a0609638) thrown at [/Users/java_re/workspace/8-2-build-macosx-x86_64/jdk8u45/3457/hotspot/src/share/vm/classfile/systemDictionary.cpp, line 210]
Event: 0.365 Thread 0x00007f938b006800 Exception <a 'java/lang/ClassNotFoundException': org/apache/log4j/PatternLayoutCustomizer> (0x00000007a0628ba0) thrown at [/Users/java_re/workspace/8-2-build-macosx-x86_64/jdk8u45/3457/hotspot/src/share/vm/classfile/systemDictionary.cpp, line 210]
Event: 0.391 Thread 0x00007f938b006800 Exception <a 'java/lang/ClassNotFoundException': org/apache/log4j/FileAppenderBeanInfo> (0x00000007a067e900) thrown at [/Users/java_re/workspace/8-2-build-macosx-x86_64/jdk8u45/3457/hotspot/src/share/vm/classfile/systemDictionary.cpp, line 210]
Event: 0.392 Thread 0x00007f938b006800 Exception <a 'java/lang/ClassNotFoundException': org/apache/log4j/WriterAppenderBeanInfo> (0x00000007a068b158) thrown at [/Users/java_re/workspace/8-2-build-macosx-x86_64/jdk8u45/3457/hotspot/src/share/vm/classfile/systemDictionary.cpp, line 210]
Event: 0.393 Thread 0x00007f938b006800 Exception <a 'java/lang/ClassNotFoundException': org/apache/log4j/AppenderSkeletonBeanInfo> (0x00000007a0698450) thrown at [/Users/java_re/workspace/8-2-build-macosx-x86_64/jdk8u45/3457/hotspot/src/share/vm/classfile/systemDictionary.cpp, line 210]
Event: 0.394 Thread 0x00007f938b006800 Exception <a 'java/lang/ClassNotFoundException': org/apache/log4j/AppenderSkeletonCustomizer> (0x00000007a06a5ff0) thrown at [/Users/java_re/workspace/8-2-build-macosx-x86_64/jdk8u45/3457/hotspot/src/share/vm/classfile/systemDictionary.cpp, line 210]
Event: 0.398 Thread 0x00007f938b006800 Exception <a 'java/lang/ClassNotFoundException': org/apache/log4j/WriterAppenderCustomizer> (0x00000007a06c9068) thrown at [/Users/java_re/workspace/8-2-build-macosx-x86_64/jdk8u45/3457/hotspot/src/share/vm/classfile/systemDictionary.cpp, line 210]
Event: 0.402 Thread 0x00007f938b006800 Exception <a 'java/lang/ClassNotFoundException': org/apache/log4j/FileAppenderCustomizer> (0x00000007a06e1f40) thrown at [/Users/java_re/workspace/8-2-build-macosx-x86_64/jdk8u45/3457/hotspot/src/share/vm/classfile/systemDictionary.cpp, line 210]

Events (10 events):
Event: 854.947 Executing VM operation: ChangeBreakpoints
Event: 854.947 Executing VM operation: ChangeBreakpoints done
Event: 856.549 Executing VM operation: ChangeBreakpoints
Event: 856.549 Executing VM operation: ChangeBreakpoints done
Event: 856.550 Executing VM operation: ChangeBreakpoints
Event: 856.550 Executing VM operation: ChangeBreakpoints done
Event: 927.748 Executing VM operation: ChangeBreakpoints
Event: 927.748 Executing VM operation: ChangeBreakpoints done
Event: 927.750 Executing VM operation: RedefineClasses
Event: 927.752 Executing VM operation: RedefineClasses done


Dynamic libraries:
0x000000000103b000 	/System/Library/Frameworks/Cocoa.framework/Versions/A/Cocoa
0x000000000103b000 	/System/Library/Frameworks/Security.framework/Versions/A/Security
0x000000000103b000 	/System/Library/Frameworks/ApplicationServices.framework/Versions/A/ApplicationServices
0x000000000103b000 	/usr/lib/libz.1.dylib
0x000000000103b000 	/usr/lib/libSystem.B.dylib
0x000000000103b000 	/usr/lib/libobjc.A.dylib
0x000000000103b000 	/System/Library/Frameworks/CoreFoundation.framework/Versions/A/CoreFoundation
0x000000000103b000 	/System/Library/Frameworks/Foundation.framework/Versions/C/Foundation
0x000000000103b000 	/System/Library/Frameworks/AppKit.framework/Versions/C/AppKit
0x000000000103b000 	/System/Library/Frameworks/CoreData.framework/Versions/A/CoreData
0x000000000103b000 	/System/Library/PrivateFrameworks/RemoteViewServices.framework/Versions/A/RemoteViewServices
0x000000000103b000 	/System/Library/PrivateFrameworks/UIFoundation.framework/Versions/A/UIFoundation
0x000000000103b000 	/System/Library/Frameworks/IOSurface.framework/Versions/A/IOSurface
0x000000000103b000 	/System/Library/Frameworks/AudioToolbox.framework/Versions/A/AudioToolbox
0x000000000103b000 	/System/Library/Frameworks/AudioUnit.framework/Versions/A/AudioUnit
0x000000000103b000 	/System/Library/PrivateFrameworks/DataDetectorsCore.framework/Versions/A/DataDetectorsCore
0x000000000103b000 	/System/Library/PrivateFrameworks/DesktopServicesPriv.framework/Versions/A/DesktopServicesPriv
0x000000000103b000 	/System/Library/Frameworks/Carbon.framework/Versions/A/Frameworks/HIToolbox.framework/Versions/A/HIToolbox
0x000000000103b000 	/System/Library/Frameworks/QuartzCore.framework/Versions/A/QuartzCore
0x000000000103b000 	/System/Library/Frameworks/Carbon.framework/Versions/A/Frameworks/SpeechRecognition.framework/Versions/A/SpeechRecognition
0x000000000103b000 	/usr/lib/libauto.dylib
0x000000000103b000 	/usr/lib/libicucore.A.dylib
0x000000000103b000 	/usr/lib/libxml2.2.dylib
0x000000000103b000 	/System/Library/PrivateFrameworks/CoreUI.framework/Versions/A/CoreUI
0x000000000103b000 	/System/Library/Frameworks/CoreAudio.framework/Versions/A/CoreAudio
0x000000000103b000 	/System/Library/Frameworks/DiskArbitration.framework/Versions/A/DiskArbitration
0x000000000103b000 	/usr/lib/liblangid.dylib
0x000000000103b000 	/System/Library/PrivateFrameworks/MultitouchSupport.framework/Versions/A/MultitouchSupport
0x000000000103b000 	/System/Library/Frameworks/IOKit.framework/Versions/A/IOKit
0x000000000103b000 	/usr/lib/libDiagnosticMessagesClient.dylib
0x000000000103b000 	/System/Library/Frameworks/CoreServices.framework/Versions/A/CoreServices
0x000000000103b000 	/System/Library/PrivateFrameworks/PerformanceAnalysis.framework/Versions/A/PerformanceAnalysis
0x000000000103b000 	/System/Library/PrivateFrameworks/GenerationalStorage.framework/Versions/A/GenerationalStorage
0x000000000103b000 	/System/Library/Frameworks/OpenGL.framework/Versions/A/OpenGL
0x000000000103b000 	/System/Library/PrivateFrameworks/Sharing.framework/Versions/A/Sharing
0x000000000103b000 	/System/Library/Frameworks/CoreGraphics.framework/Versions/A/CoreGraphics
0x000000000103b000 	/System/Library/Frameworks/CoreText.framework/Versions/A/CoreText
0x000000000103b000 	/System/Library/Frameworks/ImageIO.framework/Versions/A/ImageIO
0x000000000103b000 	/usr/lib/libextension.dylib
0x000000000103b000 	/System/Library/PrivateFrameworks/Backup.framework/Versions/A/Backup
0x000000000103b000 	/usr/lib/libarchive.2.dylib
0x000000000103b000 	/System/Library/Frameworks/CFNetwork.framework/Versions/A/CFNetwork
0x000000000103b000 	/System/Library/Frameworks/SystemConfiguration.framework/Versions/A/SystemConfiguration
0x000000000103b000 	/usr/lib/libCRFSuite.dylib
0x000000000103b000 	/usr/lib/libc++.1.dylib
0x000000000103b000 	/usr/lib/libc++abi.dylib
0x000000000103b000 	/usr/lib/system/libcache.dylib
0x000000000103b000 	/usr/lib/system/libcommonCrypto.dylib
0x000000000103b000 	/usr/lib/system/libcompiler_rt.dylib
0x000000000103b000 	/usr/lib/system/libcopyfile.dylib
0x000000000103b000 	/usr/lib/system/libcorecrypto.dylib
0x000000000103b000 	/usr/lib/system/libdispatch.dylib
0x000000000103b000 	/usr/lib/system/libdyld.dylib
0x000000000103b000 	/usr/lib/system/libkeymgr.dylib
0x000000000103b000 	/usr/lib/system/liblaunch.dylib
0x000000000103b000 	/usr/lib/system/libmacho.dylib
0x000000000103b000 	/usr/lib/system/libquarantine.dylib
0x000000000103b000 	/usr/lib/system/libremovefile.dylib
0x000000000103b000 	/usr/lib/system/libsystem_asl.dylib
0x000000000103b000 	/usr/lib/system/libsystem_blocks.dylib
0x000000000103b000 	/usr/lib/system/libsystem_c.dylib
0x000000000103b000 	/usr/lib/system/libsystem_configuration.dylib
0x000000000103b000 	/usr/lib/system/libsystem_coreservices.dylib
0x000000000103b000 	/usr/lib/system/libsystem_coretls.dylib
0x000000000103b000 	/usr/lib/system/libsystem_dnssd.dylib
0x000000000103b000 	/usr/lib/system/libsystem_info.dylib
0x000000000103b000 	/usr/lib/system/libsystem_kernel.dylib
0x000000000103b000 	/usr/lib/system/libsystem_m.dylib
0x000000000103b000 	/usr/lib/system/libsystem_malloc.dylib
0x000000000103b000 	/usr/lib/system/libsystem_network.dylib
0x000000000103b000 	/usr/lib/system/libsystem_networkextension.dylib
0x000000000103b000 	/usr/lib/system/libsystem_notify.dylib
0x000000000103b000 	/usr/lib/system/libsystem_platform.dylib
0x000000000103b000 	/usr/lib/system/libsystem_pthread.dylib
0x000000000103b000 	/usr/lib/system/libsystem_sandbox.dylib
0x000000000103b000 	/usr/lib/system/libsystem_secinit.dylib
0x000000000103b000 	/usr/lib/system/libsystem_stats.dylib
0x000000000103b000 	/usr/lib/system/libsystem_trace.dylib
0x000000000103b000 	/usr/lib/system/libunc.dylib
0x000000000103b000 	/usr/lib/system/libunwind.dylib
0x000000000103b000 	/usr/lib/system/libxpc.dylib
0x000000000103b000 	/usr/lib/libbz2.1.0.dylib
0x000000000103b000 	/usr/lib/liblzma.5.dylib
0x000000000103b000 	/usr/lib/libbsm.0.dylib
0x000000000103b000 	/usr/lib/libsqlite3.dylib
0x000000000103b000 	/usr/lib/system/libkxld.dylib
0x000000000103b000 	/usr/lib/libxar.1.dylib
0x000000000103b000 	/usr/lib/libpam.2.dylib
0x000000000103b000 	/usr/lib/libOpenScriptingUtil.dylib
0x000000000103b000 	/System/Library/Frameworks/CoreServices.framework/Versions/A/Frameworks/FSEvents.framework/Versions/A/FSEvents
0x000000000103b000 	/System/Library/Frameworks/CoreServices.framework/Versions/A/Frameworks/CarbonCore.framework/Versions/A/CarbonCore
0x000000000103b000 	/System/Library/Frameworks/CoreServices.framework/Versions/A/Frameworks/Metadata.framework/Versions/A/Metadata
0x000000000103b000 	/System/Library/Frameworks/CoreServices.framework/Versions/A/Frameworks/OSServices.framework/Versions/A/OSServices
0x000000000103b000 	/System/Library/Frameworks/CoreServices.framework/Versions/A/Frameworks/SearchKit.framework/Versions/A/SearchKit
0x000000000103b000 	/System/Library/Frameworks/CoreServices.framework/Versions/A/Frameworks/AE.framework/Versions/A/AE
0x000000000103b000 	/System/Library/Frameworks/CoreServices.framework/Versions/A/Frameworks/LaunchServices.framework/Versions/A/LaunchServices
0x000000000103b000 	/System/Library/Frameworks/CoreServices.framework/Versions/A/Frameworks/DictionaryServices.framework/Versions/A/DictionaryServices
0x000000000103b000 	/System/Library/Frameworks/NetFS.framework/Versions/A/NetFS
0x000000000103b000 	/System/Library/PrivateFrameworks/NetAuth.framework/Versions/A/NetAuth
0x000000000103b000 	/System/Library/PrivateFrameworks/login.framework/Versions/A/Frameworks/loginsupport.framework/Versions/A/loginsupport
0x000000000103b000 	/System/Library/PrivateFrameworks/TCC.framework/Versions/A/TCC
0x000000000103b000 	/usr/lib/libmecabra.dylib
0x000000000103b000 	/System/Library/Frameworks/ApplicationServices.framework/Versions/A/Frameworks/ATS.framework/Versions/A/ATS
0x000000000103b000 	/System/Library/Frameworks/ApplicationServices.framework/Versions/A/Frameworks/ColorSync.framework/Versions/A/ColorSync
0x000000000103b000 	/System/Library/Frameworks/ApplicationServices.framework/Versions/A/Frameworks/HIServices.framework/Versions/A/HIServices
0x000000000103b000 	/System/Library/Frameworks/ApplicationServices.framework/Versions/A/Frameworks/LangAnalysis.framework/Versions/A/LangAnalysis
0x000000000103b000 	/System/Library/Frameworks/ApplicationServices.framework/Versions/A/Frameworks/PrintCore.framework/Versions/A/PrintCore
0x000000000103b000 	/System/Library/Frameworks/ApplicationServices.framework/Versions/A/Frameworks/QD.framework/Versions/A/QD
0x000000000103b000 	/System/Library/Frameworks/ApplicationServices.framework/Versions/A/Frameworks/SpeechSynthesis.framework/Versions/A/SpeechSynthesis
0x000000000103b000 	/System/Library/Frameworks/Accelerate.framework/Versions/A/Accelerate
0x000000000103b000 	/System/Library/Frameworks/Accelerate.framework/Versions/A/Frameworks/vImage.framework/Versions/A/vImage
0x000000000103b000 	/System/Library/Frameworks/Accelerate.framework/Versions/A/Frameworks/vecLib.framework/Versions/A/vecLib
0x000000000103b000 	/System/Library/Frameworks/Accelerate.framework/Versions/A/Frameworks/vecLib.framework/Versions/A/libvDSP.dylib
0x000000000103b000 	/System/Library/Frameworks/Accelerate.framework/Versions/A/Frameworks/vecLib.framework/Versions/A/libvMisc.dylib
0x000000000103b000 	/System/Library/Frameworks/Accelerate.framework/Versions/A/Frameworks/vecLib.framework/Versions/A/libLAPACK.dylib
0x000000000103b000 	/System/Library/Frameworks/Accelerate.framework/Versions/A/Frameworks/vecLib.framework/Versions/A/libBLAS.dylib
0x000000000103b000 	/System/Library/Frameworks/Accelerate.framework/Versions/A/Frameworks/vecLib.framework/Versions/A/libLinearAlgebra.dylib
0x000000000103b000 	/System/Library/Frameworks/ApplicationServices.framework/Versions/A/Frameworks/ATS.framework/Versions/A/Resources/libFontParser.dylib
0x000000000103b000 	/System/Library/Frameworks/ApplicationServices.framework/Versions/A/Frameworks/ATS.framework/Versions/A/Resources/libFontRegistry.dylib
0x000000000103b000 	/System/Library/PrivateFrameworks/AppleVPA.framework/Versions/A/AppleVPA
0x000000000103b000 	/System/Library/PrivateFrameworks/AppleJPEG.framework/Versions/A/AppleJPEG
0x000000000103b000 	/System/Library/Frameworks/ImageIO.framework/Versions/A/Resources/libJPEG.dylib
0x000000000103b000 	/System/Library/Frameworks/ImageIO.framework/Versions/A/Resources/libTIFF.dylib
0x000000000103b000 	/System/Library/Frameworks/ImageIO.framework/Versions/A/Resources/libPng.dylib
0x000000000103b000 	/System/Library/Frameworks/ImageIO.framework/Versions/A/Resources/libGIF.dylib
0x000000000103b000 	/System/Library/Frameworks/ImageIO.framework/Versions/A/Resources/libJP2.dylib
0x000000000103b000 	/System/Library/Frameworks/ImageIO.framework/Versions/A/Resources/libRadiance.dylib
0x000000000103b000 	/System/Library/Frameworks/CoreVideo.framework/Versions/A/CoreVideo
0x000000000103b000 	/System/Library/Frameworks/OpenGL.framework/Versions/A/Libraries/libGLU.dylib
0x000000000103b000 	/System/Library/Frameworks/OpenGL.framework/Versions/A/Libraries/libGFXShared.dylib
0x000000000103b000 	/System/Library/Frameworks/OpenGL.framework/Versions/A/Libraries/libGL.dylib
0x000000000103b000 	/System/Library/Frameworks/OpenGL.framework/Versions/A/Libraries/libGLImage.dylib
0x000000000103b000 	/System/Library/Frameworks/OpenGL.framework/Versions/A/Libraries/libCVMSPluginSupport.dylib
0x000000000103b000 	/System/Library/Frameworks/OpenGL.framework/Versions/A/Libraries/libCoreVMClient.dylib
0x000000000103b000 	/usr/lib/libcups.2.dylib
0x000000000103b000 	/System/Library/Frameworks/Kerberos.framework/Versions/A/Kerberos
0x000000000103b000 	/System/Library/Frameworks/GSS.framework/Versions/A/GSS
0x000000000103b000 	/usr/lib/libresolv.9.dylib
0x000000000103b000 	/usr/lib/libiconv.2.dylib
0x000000000103b000 	/System/Library/PrivateFrameworks/Heimdal.framework/Versions/A/Heimdal
0x000000000103b000 	/usr/lib/libheimdal-asn1.dylib
0x000000000103b000 	/System/Library/Frameworks/OpenDirectory.framework/Versions/A/OpenDirectory
0x000000000103b000 	/System/Library/PrivateFrameworks/CommonAuth.framework/Versions/A/CommonAuth
0x000000000103b000 	/System/Library/Frameworks/OpenDirectory.framework/Versions/A/Frameworks/CFOpenDirectory.framework/Versions/A/CFOpenDirectory
0x000000000103b000 	/System/Library/Frameworks/SecurityFoundation.framework/Versions/A/SecurityFoundation
0x000000000103b000 	/System/Library/PrivateFrameworks/LanguageModeling.framework/Versions/A/LanguageModeling
0x000000000103b000 	/usr/lib/libcmph.dylib
0x000000000103b000 	/System/Library/Frameworks/ServiceManagement.framework/Versions/A/ServiceManagement
0x000000000103b000 	/usr/lib/libxslt.1.dylib
0x000000000103b000 	/System/Library/Frameworks/Carbon.framework/Versions/A/Frameworks/Ink.framework/Versions/A/Ink
0x000000000103b000 	/System/Library/Frameworks/QuartzCore.framework/Versions/A/Frameworks/CoreImage.framework/Versions/A/CoreImage
0x000000000103b000 	/System/Library/PrivateFrameworks/CrashReporterSupport.framework/Versions/A/CrashReporterSupport
0x000000000103b000 	/System/Library/Frameworks/OpenCL.framework/Versions/A/OpenCL
0x000000000103b000 	/System/Library/PrivateFrameworks/FaceCore.framework/Versions/A/FaceCore
0x000000000103b000 	/System/Library/PrivateFrameworks/Ubiquity.framework/Versions/A/Ubiquity
0x000000000103b000 	/System/Library/PrivateFrameworks/IconServices.framework/Versions/A/IconServices
0x000000000103b000 	/System/Library/PrivateFrameworks/ChunkingLibrary.framework/Versions/A/ChunkingLibrary
0x000000000103b000 	/System/Library/PrivateFrameworks/Apple80211.framework/Versions/A/Apple80211
0x000000000103b000 	/System/Library/Frameworks/CoreWLAN.framework/Versions/A/CoreWLAN
0x000000000103b000 	/System/Library/Frameworks/IOBluetooth.framework/Versions/A/IOBluetooth
0x000000000103b000 	/System/Library/PrivateFrameworks/CoreWiFi.framework/Versions/A/CoreWiFi
0x000000000103b000 	/System/Library/Frameworks/CoreBluetooth.framework/Versions/A/CoreBluetooth
0x000000000103b000 	/System/Library/PrivateFrameworks/DebugSymbols.framework/Versions/A/DebugSymbols
0x000000000103b000 	/System/Library/PrivateFrameworks/CoreSymbolication.framework/Versions/A/CoreSymbolication
0x000000000103b000 	/System/Library/PrivateFrameworks/Symbolication.framework/Versions/A/Symbolication
0x000000000103b000 	/System/Library/PrivateFrameworks/SpeechRecognitionCore.framework/Versions/A/SpeechRecognitionCore
0x000000010ee00000 	/Library/Java/JavaVirtualMachines/jdk1.8.0_45.jdk/Contents/Home/jre/lib/server/libjvm.dylib
0x000000000103b000 	/usr/lib/libstdc++.6.dylib
0x000000010dd5f000 	/Library/Java/JavaVirtualMachines/jdk1.8.0_45.jdk/Contents/Home/jre/lib/libverify.dylib
0x000000010dd6d000 	/Library/Java/JavaVirtualMachines/jdk1.8.0_45.jdk/Contents/Home/jre/lib/libjava.dylib
0x000000010dda3000 	/Library/Java/JavaVirtualMachines/jdk1.8.0_45.jdk/Contents/Home/jre/lib/libjdwp.dylib
0x000000010ddee000 	/Library/Java/JavaVirtualMachines/jdk1.8.0_45.jdk/Contents/Home/jre/lib/libnpt.dylib
0x000000010fd69000 	/Library/Java/JavaVirtualMachines/jdk1.8.0_45.jdk/Contents/Home/jre/lib/libzip.dylib
0x0000000125bc0000 	/System/Library/Frameworks/JavaVM.framework/Frameworks/JavaRuntimeSupport.framework/JavaRuntimeSupport
0x0000000125bd8000 	/System/Library/Frameworks/JavaVM.framework/Versions/A/Frameworks/JavaNativeFoundation.framework/Versions/A/JavaNativeFoundation
0x0000000125bed000 	/System/Library/Frameworks/JavaVM.framework/Versions/A/JavaVM
0x000000000103b000 	/System/Library/Frameworks/Carbon.framework/Versions/A/Carbon
0x0000000125bfa000 	/System/Library/PrivateFrameworks/JavaLaunching.framework/Versions/A/JavaLaunching
0x000000000103b000 	/System/Library/Frameworks/Carbon.framework/Versions/A/Frameworks/CommonPanels.framework/Versions/A/CommonPanels
0x000000000103b000 	/System/Library/Frameworks/Carbon.framework/Versions/A/Frameworks/Help.framework/Versions/A/Help
0x000000000103b000 	/System/Library/Frameworks/Carbon.framework/Versions/A/Frameworks/ImageCapture.framework/Versions/A/ImageCapture
0x000000000103b000 	/System/Library/Frameworks/Carbon.framework/Versions/A/Frameworks/OpenScripting.framework/Versions/A/OpenScripting
0x000000000103b000 	/System/Library/Frameworks/Carbon.framework/Versions/A/Frameworks/Print.framework/Versions/A/Print
0x000000000103b000 	/System/Library/Frameworks/Carbon.framework/Versions/A/Frameworks/SecurityHI.framework/Versions/A/SecurityHI
0x00000001275e1000 	/Library/Java/JavaVirtualMachines/jdk1.8.0_45.jdk/Contents/Home/jre/lib/libdt_socket.dylib
0x000000012850a000 	/Library/Java/JavaVirtualMachines/jdk1.8.0_45.jdk/Contents/Home/jre/lib/libnet.dylib

VM Arguments:
jvm_args: -agentlib:jdwp=transport=dt_socket,address=127.0.0.1:55013,suspend=y,server=n -Dfile.encoding=UTF-8 
java_command: razborpoletov.reader.Test
java_class_path (initial): /Library/Java/JavaVirtualMachines/jdk1.8.0_45.jdk/Contents/Home/lib/ant-javafx.jar:/Library/Java/JavaVirtualMachines/jdk1.8.0_45.jdk/Contents/Home/lib/dt.jar:/Library/Java/JavaVirtualMachines/jdk1.8.0_45.jdk/Contents/Home/lib/javafx-mx.jar:/Library/Java/JavaVirtualMachines/jdk1.8.0_45.jdk/Contents/Home/lib/jconsole.jar:/Library/Java/JavaVirtualMachines/jdk1.8.0_45.jdk/Contents/Home/lib/packager.jar:/Library/Java/JavaVirtualMachines/jdk1.8.0_45.jdk/Contents/Home/lib/sa-jdi.jar:/Library/Java/JavaVirtualMachines/jdk1.8.0_45.jdk/Contents/Home/lib/tools.jar:/Library/Java/JavaVirtualMachines/jdk1.8.0_45.jdk/Contents/Home/jre/lib/charsets.jar:/Library/Java/JavaVirtualMachines/jdk1.8.0_45.jdk/Contents/Home/jre/lib/deploy.jar:/Library/Java/JavaVirtualMachines/jdk1.8.0_45.jdk/Contents/Home/jre/lib/javaws.jar:/Library/Java/JavaVirtualMachines/jdk1.8.0_45.jdk/Contents/Home/jre/lib/jce.jar:/Library/Java/JavaVirtualMachines/jdk1.8.0_45.jdk/Contents/Home/jre/lib/jfr.jar:/Library/Java/JavaVirtualMachines/jdk1.8.0_45.jdk/Contents/Home/jre/lib/jfxswt.jar:/Library/Java/JavaVirtualMachines/jdk1.8.0_45.jdk/Contents/Home/jre/lib/jsse.jar:/Library/Java/JavaVirtualMachines/jdk1.8.0_45.jdk/Contents/Home/jre/lib/management-agent.jar:/Library/Java/JavaVirtualMachines/jdk1.8.0_45.jdk/Contents/Home/jre/lib/plugin.jar:/Library/Java/JavaVirtualMachines/jdk1.8.0_45.jdk/Contents/Home/jre/lib/resources.jar:/Library/Java/JavaVirtualMachines/jdk1.8.0_45.jdk/Contents/Home/jre/lib/rt.jar:/Library/Java/JavaVirtualMachines/jdk1.8.0_45.jdk/Contents/Home/jre/lib/ext/cldrdata.jar:/Library/Java/JavaVirtualMachines/jdk1.8.0_45.jdk/Contents/Home/jre/lib/ext/dnsns.jar:/Library/Java/JavaVirtualMachines/jdk1.8.0_45.jdk/Contents/Home/jre/lib/ext/jfxrt.jar:/Library/Java/JavaVirtualMachines/jdk1.8.0_45.jdk/Contents/Home/jre/lib/ext/localedata.jar:/Library/Java/JavaVirtualMachines/jdk1.8.0_45.jdk/Contents/Home/jre/lib/ext/nashorn.jar:/Library/Java/JavaVirtualMachines/jdk1.8.0_45.jdk/Conten
Launcher Type: SUN_STANDARD

Environment Variables:
PATH=/usr/bin:/bin:/usr/sbin:/sbin
SHELL=/bin/zsh

Signal Handlers:
SIGSEGV: [libjvm.dylib+0x58ef95], sa_mask[0]=11111111011111110111111111111111, sa_flags=SA_ONSTACK|SA_RESTART|SA_SIGINFO
SIGBUS: [libjvm.dylib+0x58ef95], sa_mask[0]=11111111011111110111111111111111, sa_flags=SA_RESTART|SA_SIGINFO
SIGFPE: [libjvm.dylib+0x46c108], sa_mask[0]=11111111011111110111111111111111, sa_flags=SA_RESTART|SA_SIGINFO
SIGPIPE: [libjvm.dylib+0x46c108], sa_mask[0]=11111111011111110111111111111111, sa_flags=SA_RESTART|SA_SIGINFO
SIGXFSZ: [libjvm.dylib+0x46c108], sa_mask[0]=11111111011111110111111111111111, sa_flags=SA_RESTART|SA_SIGINFO
SIGILL: [libjvm.dylib+0x46c108], sa_mask[0]=11111111011111110111111111111111, sa_flags=SA_RESTART|SA_SIGINFO
SIGUSR1: SIG_DFL, sa_mask[0]=00000000000000000000000000000000, sa_flags=none
SIGUSR2: [libjvm.dylib+0x46bc26], sa_mask[0]=00100000000000000000000000000000, sa_flags=SA_RESTART|SA_SIGINFO
SIGHUP: [libjvm.dylib+0x46a1f9], sa_mask[0]=11111111011111110111111111111111, sa_flags=SA_RESTART|SA_SIGINFO
SIGINT: [libjvm.dylib+0x46a1f9], sa_mask[0]=11111111011111110111111111111111, sa_flags=SA_RESTART|SA_SIGINFO
SIGTERM: [libjvm.dylib+0x46a1f9], sa_mask[0]=11111111011111110111111111111111, sa_flags=SA_RESTART|SA_SIGINFO
SIGQUIT: [libjvm.dylib+0x46a1f9], sa_mask[0]=11111111011111110111111111111111, sa_flags=SA_RESTART|SA_SIGINFO


---------------  S Y S T E M  ---------------

OS:Bsduname:Darwin 14.3.0 Darwin Kernel Version 14.3.0: Mon Mar 23 11:59:05 PDT 2015; root:xnu-2782.20.48~5/RELEASE_X86_64 x86_64
rlimit: STACK 8192k, CORE 0k, NPROC 709, NOFILE 10240, AS infinity
load average:4.20 3.58 3.55

CPU:total 8 (4 cores per cpu, 2 threads per core) family 6 model 42 stepping 7, cmov, cx8, fxsr, mmx, sse, sse2, sse3, ssse3, sse4.1, sse4.2, popcnt, avx, aes, clmul, ht, tsc, tscinvbit

Memory: 4k page, physical 6291456k(181328k free)

/proc/meminfo:


vm_info: Java HotSpot(TM) 64-Bit Server VM (25.45-b02) for bsd-amd64 JRE (1.8.0_45-b14), built on Apr 10 2015 10:46:38 by "java_re" with gcc 4.2.1 (Based on Apple Inc. build 5658) (LLVM build 2336.11.00)

time: Thu Apr 30 14:52:10 2015
elapsed time: 927 seconds (0d 0h 15m 27s)

