[INFO ] 2015-11-06 21:22:25,877 razborpoletov.reader.utils.UrlUtils - http://emacs.sexy/img/How-to-Learn-Emacs-v2-Large.png url has no github links
[INFO ] 2015-11-06 21:22:26,271 razborpoletov.reader.parsers.UsefulThingParser - Unhandled content type. Must be text/*, application/xml, or application/xhtml+xml
[INFO ] 2015-11-06 21:22:32,106 razborpoletov.reader.utils.UrlUtils - http://allegro.tech/testing-server-faults-with-Wiremock.html url has no github links
[INFO ] 2015-11-06 21:22:34,333 razborpoletov.reader.utils.UrlUtils - http://macradar.ru/software/crax-commander-luchshaya-alternativa-total-commander-dlya-os-x/ url has no github links
[INFO ] 2015-11-06 21:22:35,141 razborpoletov.reader.parsers.UsefulThingParser - Url http://bytecodeviewer.com/ return error with status 403
[INFO ] 2015-11-06 21:22:39,196 razborpoletov.reader.utils.UrlUtils - https://msdn.microsoft.com/en-us/library/jj554200.aspx url has no github links
[INFO ] 2015-11-06 21:22:40,759 razborpoletov.reader.parsers.UsefulThingParser - Url http://vk.com/video-37777824_171268487?list=a4917e6aec935fd4fb&og=1 return error with status 501
[WARN ] 2015-11-06 21:22:41,501 razborpoletov.reader.utils.UrlUtils - http://binary-repositories-comparison.github.io/ url contains more than one github links: [https://github.com/JFrogDev/artifactory-cli-go, https://github.com/binary-repositories-comparison/binary-repositories-comparison.github.io]
[INFO ] 2015-11-06 21:22:45,604 razborpoletov.reader.utils.UrlUtils - http://dev.yorhel.nl/ncdu url has no github links
[INFO ] 2015-11-06 21:22:46,731 razborpoletov.reader.utils.UrlUtils - https://openport.io url has no github links
[WARN ] 2015-11-06 21:22:54,495 razborpoletov.reader.utils.UrlUtils - http://zeroturnaround.com/rebellabs/5-command-line-tools-you-should-be-using/ url contains more than one github links: [https://github.com/robbyrussell/oh-my-zsh, https://github.com/ericchiang/pup]
[INFO ] 2015-11-06 21:22:56,286 razborpoletov.reader.utils.UrlUtils - https://asciinema.org/ url has no github links
[INFO ] 2015-11-06 21:22:57,134 razborpoletov.reader.utils.UrlUtils - http://blog.jetbrains.com/idea/2015/09/intellij-idea-15-eap-improves-debugger-and-git-support/ url has no github links
[INFO ] 2015-11-06 21:22:57,647 razborpoletov.reader.parsers.UsefulThingParser - Url http://whatthecommit.com/index.txt return error with status 405
[WARN ] 2015-11-06 21:22:58,683 razborpoletov.reader.utils.UrlUtils - http://gitup.co/ url contains more than one github links: [https://github.com/git-up/GitUp, https://github.com/git-up/GitUp#gitupkit]
[WARN ] 2015-11-06 21:23:04,542 razborpoletov.reader.utils.UrlUtils - http://beust.com/kobalt/home/index.html url contains more than one github links: [https://github.com/cbeust/kobalt, https://github.com/cbeust/jcommander, https://github.com/cbeust/testng]
[INFO ] 2015-11-06 21:23:05,484 razborpoletov.reader.utils.AsciidocUtils - Document 2015-10-27-episode-93.adoc has no _Полезняшки part
[INFO ] 2015-11-06 21:23:05,585 razborpoletov.reader.utils.AsciidocUtils - Document 2015-10-27-episode-94.adoc has no _Полезняшки part
[INFO ] 2015-11-06 21:23:05,664 razborpoletov.reader.utils.AsciidocUtils - Document 2015-10-28-episode-95.adoc has no _Полезняшки part
[INFO ] 2015-11-06 21:44:33,872 razborpoletov.reader.utils.UrlUtils - http://emacs.sexy/img/How-to-Learn-Emacs-v2-Large.png url has no github links
[INFO ] 2015-11-06 21:44:34,306 razborpoletov.reader.parsers.UsefulThingParser - Unhandled content type. Must be text/*, application/xml, or application/xhtml+xml
[INFO ] 2015-11-06 21:44:39,249 razborpoletov.reader.utils.UrlUtils - http://allegro.tech/testing-server-faults-with-Wiremock.html url has no github links
[INFO ] 2015-11-06 21:44:42,213 razborpoletov.reader.utils.UrlUtils - http://macradar.ru/software/crax-commander-luchshaya-alternativa-total-commander-dlya-os-x/ url has no github links
[INFO ] 2015-11-06 21:44:43,162 razborpoletov.reader.parsers.UsefulThingParser - Url http://bytecodeviewer.com/ return error with status 403
[INFO ] 2015-11-06 21:44:46,177 razborpoletov.reader.utils.UrlUtils - https://msdn.microsoft.com/en-us/library/jj554200.aspx url has no github links
[INFO ] 2015-11-06 21:44:47,967 razborpoletov.reader.parsers.UsefulThingParser - Url http://vk.com/video-37777824_171268487?list=a4917e6aec935fd4fb&og=1 return error with status 501
[WARN ] 2015-11-06 21:44:48,674 razborpoletov.reader.utils.UrlUtils - http://binary-repositories-comparison.github.io/ url contains more than one github links: [https://github.com/JFrogDev/artifactory-cli-go, https://github.com/binary-repositories-comparison/binary-repositories-comparison.github.io]
[INFO ] 2015-11-06 21:44:53,650 razborpoletov.reader.utils.UrlUtils - http://dev.yorhel.nl/ncdu url has no github links
[INFO ] 2015-11-06 21:44:54,932 razborpoletov.reader.utils.UrlUtils - https://openport.io url has no github links
[WARN ] 2015-11-06 21:45:03,147 razborpoletov.reader.utils.UrlUtils - http://zeroturnaround.com/rebellabs/5-command-line-tools-you-should-be-using/ url contains more than one github links: [https://github.com/robbyrussell/oh-my-zsh, https://github.com/ericchiang/pup]
[INFO ] 2015-11-06 21:45:06,342 razborpoletov.reader.utils.UrlUtils - https://asciinema.org/ url has no github links
[INFO ] 2015-11-06 21:45:07,610 razborpoletov.reader.utils.UrlUtils - http://blog.jetbrains.com/idea/2015/09/intellij-idea-15-eap-improves-debugger-and-git-support/ url has no github links
[INFO ] 2015-11-06 21:45:09,310 razborpoletov.reader.parsers.UsefulThingParser - Url http://whatthecommit.com/index.txt return error with status 405
[WARN ] 2015-11-06 21:45:10,138 razborpoletov.reader.utils.UrlUtils - http://gitup.co/ url contains more than one github links: [https://github.com/git-up/GitUp, https://github.com/git-up/GitUp#gitupkit]
[WARN ] 2015-11-06 21:45:35,198 razborpoletov.reader.utils.UrlUtils - http://beust.com/kobalt/home/index.html url contains more than one github links: [https://github.com/cbeust/kobalt, https://github.com/cbeust/jcommander, https://github.com/cbeust/testng]
[INFO ] 2015-11-06 21:45:37,080 razborpoletov.reader.utils.AsciidocUtils - Document 2015-10-27-episode-93.adoc has no _Полезняшки part
[INFO ] 2015-11-06 21:45:37,191 razborpoletov.reader.utils.AsciidocUtils - Document 2015-10-27-episode-94.adoc has no _Полезняшки part
[INFO ] 2015-11-06 21:45:37,267 razborpoletov.reader.utils.AsciidocUtils - Document 2015-10-28-episode-95.adoc has no _Полезняшки part
[INFO ] 2015-11-24 19:37:40,374 razborpoletov.reader.utils.AsciidocUtils - Document 2015-02-08-episode-77.adoc has no twitter part
[INFO ] 2015-11-24 19:38:37,596 razborpoletov.reader.utils.AsciidocUtils - Document 2015-02-08-episode-77.adoc has no twitter part
[INFO ] 2015-11-24 19:39:43,898 razborpoletov.reader.utils.AsciidocUtils - Document 2015-02-08-episode-77.adoc has no twitter part
[INFO ] 2015-11-24 19:39:44,133 razborpoletov.reader.utils.AsciidocUtils - Document 2015-02-22-episode-78.adoc has no twitter part
[INFO ] 2015-11-24 19:39:44,291 razborpoletov.reader.utils.AsciidocUtils - Document 2015-03-08-episode-79.adoc has no twitter part
[INFO ] 2015-11-24 19:39:44,415 razborpoletov.reader.utils.AsciidocUtils - Document 2015-03-16-episode-80.adoc has no twitter part
[INFO ] 2015-11-24 19:39:44,514 razborpoletov.reader.utils.AsciidocUtils - Document 2015-03-29-episode-81.adoc has no twitter part
[INFO ] 2015-11-24 19:39:44,673 razborpoletov.reader.utils.AsciidocUtils - Document 2015-04-12-episode-82.adoc has no twitter part
[INFO ] 2015-11-24 19:39:44,763 razborpoletov.reader.utils.AsciidocUtils - Document 2015-05-03-episode-83.adoc has no twitter part
[INFO ] 2015-11-24 19:39:45,026 razborpoletov.reader.utils.AsciidocUtils - Document 2015-05-17-episode-84.adoc has no twitter part
[INFO ] 2015-11-24 19:39:45,184 razborpoletov.reader.utils.AsciidocUtils - Document 2015-05-31-episode-85.adoc has no twitter part
[INFO ] 2015-11-24 19:39:45,306 razborpoletov.reader.utils.AsciidocUtils - Document 2015-06-21-episode-86.adoc has no twitter part
[INFO ] 2015-11-24 19:39:45,607 razborpoletov.reader.utils.AsciidocUtils - Document 2015-07-16-episode-87.adoc has no twitter part
[INFO ] 2015-11-24 19:39:45,727 razborpoletov.reader.utils.AsciidocUtils - Document 2015-07-30-episode-88.adoc has no twitter part
[INFO ] 2015-11-24 19:39:45,875 razborpoletov.reader.utils.AsciidocUtils - Document 2015-08-14-episode-89.adoc has no twitter part
[INFO ] 2015-11-24 19:39:45,968 razborpoletov.reader.utils.AsciidocUtils - Document 2015-08-30-episode-90.adoc has no twitter part
[INFO ] 2015-11-24 19:39:46,070 razborpoletov.reader.utils.AsciidocUtils - Document 2015-09-25-episode-91.adoc has no twitter part
[INFO ] 2015-11-24 19:39:46,168 razborpoletov.reader.utils.AsciidocUtils - Document 2015-10-11-episode-92.adoc has no twitter part
[INFO ] 2015-11-24 19:39:46,261 razborpoletov.reader.utils.AsciidocUtils - Document 2015-10-27-episode-93.adoc has no twitter part
[INFO ] 2015-11-24 19:39:46,359 razborpoletov.reader.utils.AsciidocUtils - Document 2015-10-27-episode-94.adoc has no twitter part
[INFO ] 2015-11-24 19:39:46,470 razborpoletov.reader.utils.AsciidocUtils - Document 2015-10-28-episode-95.adoc has no twitter part
[INFO ] 2015-11-24 19:39:46,591 razborpoletov.reader.utils.AsciidocUtils - Document 2015-11-05-episode-96.adoc has no twitter part
[INFO ] 2015-11-24 19:41:33,447 razborpoletov.reader.utils.AsciidocUtils - Document 2015-02-08-episode-77.adoc has no twitter part
[INFO ] 2015-11-24 19:46:30,587 razborpoletov.reader.utils.AsciidocUtils - Document 2015-02-08-episode-77.adoc has no twitter part
[INFO ] 2015-11-24 19:46:30,760 razborpoletov.reader.utils.AsciidocUtils - Document 2015-02-22-episode-78.adoc has no twitter part
[INFO ] 2015-11-24 19:50:04,567 razborpoletov.reader.utils.AsciidocUtils - Document 2015-02-08-episode-77.adoc has no twitter part
[INFO ] 2015-11-24 19:53:08,714 razborpoletov.reader.utils.AsciidocUtils - Document 2015-02-08-episode-77.adoc has no twitter part
[INFO ] 2015-11-24 19:55:28,800 razborpoletov.reader.utils.AsciidocUtils - Document 2015-02-08-episode-77.adoc has no twitter part
[INFO ] 2015-11-24 20:41:11,725 razborpoletov.reader.parsers.StatisticParser - File /Users/artemvlasov/git/razbor-poletov.github.com/source/_posts/2015-02-08-episode-77.adoc has no audio tag
[INFO ] 2015-11-24 20:41:11,953 razborpoletov.reader.parsers.StatisticParser - File /Users/artemvlasov/git/razbor-poletov.github.com/source/_posts/2015-02-08-episode-77.adoc has no audio tag
[INFO ] 2015-11-24 21:09:02,514 razborpoletov.reader.parsers.StatisticParser - File /Users/artemvlasov/git/razbor-poletov.github.com/source/_posts/2015-02-08-episode-77.adoc has no audio tag
[WARN ] 2015-11-24 21:34:42,489 razborpoletov.reader.parsers.StatisticParser - Podcast  has no mp3 file link
[INFO ] 2015-11-24 21:42:32,475 razborpoletov.reader.parsers.StatisticParser - File /Users/artemvlasov/git/razbor-poletov.github.com/source/_posts/2015-02-08-episode-77.adoc has no audio tag
[INFO ] 2015-11-24 21:42:32,616 razborpoletov.reader.parsers.StatisticParser - File /Users/artemvlasov/git/razbor-poletov.github.com/source/_posts/2015-02-08-episode-77.adoc has no audio tag
[WARN ] 2015-11-24 21:42:32,617 razborpoletov.reader.parsers.StatisticParser - Podcast  has no mp3 file link
[INFO ] 2015-11-24 21:44:52,446 razborpoletov.reader.parsers.StatisticParser - File /Users/artemvlasov/git/razbor-poletov.github.com/source/_posts/2015-05-03-episode-83.adoc has no audio tag
[INFO ] 2015-11-24 21:44:52,480 razborpoletov.reader.parsers.StatisticParser - File /Users/artemvlasov/git/razbor-poletov.github.com/source/_posts/2015-05-03-episode-83.adoc has no audio tag
[WARN ] 2015-11-24 21:44:52,480 razborpoletov.reader.parsers.StatisticParser - Podcast  has no mp3 file link
[INFO ] 2015-11-24 21:48:57,000 razborpoletov.reader.parsers.StatisticParser - File /Users/artemvlasov/git/razbor-poletov.github.com/source/_posts/2015-10-27-episode-94.adoc has no audio tag
[INFO ] 2015-11-24 21:48:57,043 razborpoletov.reader.parsers.StatisticParser - File /Users/artemvlasov/git/razbor-poletov.github.com/source/_posts/2015-10-27-episode-94.adoc has no audio tag
[WARN ] 2015-11-24 21:48:57,043 razborpoletov.reader.parsers.StatisticParser - Podcast  has no mp3 file link
[INFO ] 2015-11-24 21:48:57,078 razborpoletov.reader.parsers.StatisticParser - File /Users/artemvlasov/git/razbor-poletov.github.com/source/_posts/2015-10-28-episode-95.adoc has no audio tag
[INFO ] 2015-11-24 21:48:57,119 razborpoletov.reader.parsers.StatisticParser - File /Users/artemvlasov/git/razbor-poletov.github.com/source/_posts/2015-10-28-episode-95.adoc has no audio tag
[WARN ] 2015-11-24 21:48:57,119 razborpoletov.reader.parsers.StatisticParser - Podcast  has no mp3 file link
[INFO ] 2015-11-24 21:58:15,888 razborpoletov.reader.parsers.StatisticParser - File /Users/artemvlasov/git/razbor-poletov.github.com/source/_posts/2015-02-08-episode-77.adoc has no audio tag
[INFO ] 2015-11-24 22:10:06,112 razborpoletov.reader.parsers.StatisticParser - File /Users/artemvlasov/git/razbor-poletov.github.com/source/_posts/2015-02-08-episode-77.adoc has no audio tag
[WARN ] 2015-11-24 22:10:06,112 razborpoletov.reader.parsers.StatisticParser - Podcast  has no mp3 file link
[INFO ] 2015-11-24 22:26:42,183 razborpoletov.reader.parsers.StatisticParser - File /Users/artemvlasov/git/razbor-poletov.github.com/source/_posts/2015-02-08-episode-77.adoc has no audio tag
[WARN ] 2015-11-24 22:26:42,190 razborpoletov.reader.parsers.StatisticParser - Podcast  has no mp3 file link
[INFO ] 2015-11-24 22:32:29,251 razborpoletov.reader.parsers.StatisticParser - File /Users/artemvlasov/git/razbor-poletov.github.com/source/_posts/2015-02-08-episode-77.adoc has no audio tag
[WARN ] 2015-11-24 22:32:29,251 razborpoletov.reader.parsers.StatisticParser - Podcast  has no mp3 file link
[INFO ] 2015-11-24 22:35:45,877 razborpoletov.reader.parsers.StatisticParser - File /Users/artemvlasov/git/razbor-poletov.github.com/source/_posts/2015-02-08-episode-77.adoc has no audio tag
[WARN ] 2015-11-24 22:35:45,878 razborpoletov.reader.parsers.StatisticParser - Podcast  has no mp3 file link
[INFO ] 2015-12-28 16:08:57,671 razborpoletov.reader.App - We cannot find several files with provided podcast numbers
[INFO ] 2015-12-28 16:11:58,624 razborpoletov.reader.App - All podcasts are parsed
[INFO ] 2015-12-28 16:16:27,903 razborpoletov.reader.utils.UrlUtils - https://plumbr.eu/landing/handbook-java-lang-outofmemoryerror url has no github links
[INFO ] 2015-12-28 16:16:29,220 razborpoletov.reader.utils.UrlUtils - https://bugsnag.com/ url has no github links
[INFO ] 2015-12-28 16:16:35,170 razborpoletov.reader.parsers.UsefulThingParser - Url https://livesql.oracle.com/ return error with status 405
[WARN ] 2015-12-28 16:16:35,948 razborpoletov.reader.parsers.UsefulThingParser - {} url not contains html body
[INFO ] 2015-12-28 16:16:38,722 razborpoletov.reader.utils.UrlUtils - https://cloudharmony.com/speedtest url has no github links
[INFO ] 2015-12-28 16:16:41,236 razborpoletov.reader.parsers.UsefulThingParser - Url https://www.loggly.com/ultimate-guide/ return error with status 403
[INFO ] 2015-12-28 16:16:43,716 razborpoletov.reader.parsers.UsefulThingParser - Url http://www.amazon.com/Data-Structures-Algorithms-Java-Edition-ebook/dp/B00JDRQF8C/ return error with status 405
[INFO ] 2015-12-28 16:16:43,887 razborpoletov.reader.parsers.UsefulThingParser - Url http://dataintensive.net/ return error with status 403
[WARN ] 2015-12-28 16:16:44,446 razborpoletov.reader.utils.UrlUtils - https://raft.github.io url contains more than one github links: [https://github.com/willemt/raft, https://github.com/streed/simpleRaft, https://github.com/andrewjstone/rafter, https://github.com/vanstee/giraft, https://github.com/belaban/jgroups-raft, https://github.com/cannedprimates/huckleberry, https://github.com/pvilas/raft, https://github.com/allengeorge/libraft, https://github.com/tetrapods/raft, https://github.com/dreyk/zraft_lib, https://github.com/uwplse/verdi, https://github.com/nackstein/lite-raft, https://github.com/Hoverbear/raft, https://github.com/archiecobbs/jsimpledb, https://github.com/saebyn/raft, https://github.com/vanstee/draft, https://github.com/benbjohnson/raft.js, https://github.com/yahoo/gondola, https://github.com/fxsjy/ins, https://github.com/rethinkdb/rethinkdb, https://github.com/jalvaro/raft, https://github.com/pgte/skiff-algorithm, https://github.com/mreiferson/pontoon, https://github.com/djui/eraft, https://github.com/stepist/scalaraft, https://github.com/ericmoritz/rafterl, https://github.com/atomix/copycat, https://github.com/haf/Flotten, https://github.com/echaozh/cppa-raft, https://github.com/ongardie/raftscope, https://github.com/trevorbernard/dinghy, https://github.com/lisael/aioraft, https://github.com/cb372/raft, https://github.com/wayoutmind/melee, https://github.com/cloud-software-foundation/c5-replicator, https://github.com/noeleo/raft, https://github.com/unshiftio/liferaft, https://github.com/devatwork/NRaft, https://github.com/coreos/etcd, https://github.com/ongardie/dissertation#readme, https://github.com/bspolley/raft, https://github.com/evanphx/zodiac-prime, https://github.com/ktoso/akka-raft, https://github.com/logcabin/logcabin, https://github.com/celluloid/floss, https://github.com/dushyant89/CS-733, https://github.com/burma-shave/chelan, https://github.com/goraft/raft, https://github.com/amidvidy/whitewater, https://github.com/opendaylight/controller, https://github.com/kurin/py-raft, https://github.com/peterbourgon/raft, https://github.com/srned/Prez, https://github.com/filipecampos/raft4ws, https://github.com/pablosmedina/ckite, https://github.com/dupdob/RAFTiNG, https://github.com/kaarelk/r4j, https://github.com/mgodave/barge, https://github.com/NicolasT/kontiki, https://github.com/chicm/CmRaft, https://github.com/hashicorp/raft, https://github.com/huy/yora, https://github.com/rodriguezvalencia/rafting, https://github.com/dev-urandom/graft, https://github.com/tkellogg/Raft-JVM, https://github.com/dannycoates/raft-core, https://github.com/ylamgarchal/chillaxd, https://github.com/lionelbarrow/seaturtles, https://github.com/archie/raft, https://github.com/heidi-ann/ocaml-raft, https://github.com/drpicox/uoc-raft-2013p, https://github.com/kanaka/raft.js, https://github.com/raft/raft.github.io, https://github.com/harryw/raft]
[INFO ] 2015-12-28 16:16:46,738 razborpoletov.reader.utils.UrlUtils - http://www.hemingwayapp.com/ url has no github links
[WARN ] 2015-12-28 16:16:47,359 razborpoletov.reader.utils.UrlUtils - https://github.com/blog/2047-language-trends-on-github url contains more than one github links: [https://github.com/blog/32-rails-moving-to-git, https://github.com/github/linguist, https://github.com/site/terms, https://github.com/site/privacy]
[WARN ] 2015-12-28 16:16:47,703 razborpoletov.reader.parsers.UsefulThingParser - {} url not contains html body
[INFO ] 2015-12-28 16:16:48,816 razborpoletov.reader.utils.UrlUtils - http://marked2app.com/ url has no github links
[WARN ] 2015-12-28 16:16:50,328 razborpoletov.reader.utils.UrlUtils - http://habrahabr.ru/company/luxoft/blog/256877/ url contains more than one github links: [https://github.com/vigna/fastutil, https://github.com/google/guava, https://github.com/goldmansachs/gs-collections, https://github.com/JCTools/JCTools, https://github.com/Vedenin/java_collections_overview, https://github.com/kravchik/jcommon, https://github.com/OpenHFT/Koloboke, https://github.com/aNNiMON/Lightweight-Stream-API]
[INFO ] 2015-12-28 17:02:39,594 razborpoletov.reader.App - All podcasts are parsed
[INFO ] 2015-12-28 17:03:01,167 razborpoletov.reader.App - All podcasts are parsed
[WARN ] 2015-12-28 17:19:23,938 razborpoletov.reader.App - Properties file is not exists
